Log file open, 10/11/19 10:47:33
LogWindows: Failed to load 'aqProf.dll' (GetLastError=126)
LogWindows: File 'aqProf.dll' does not exist
LogWindows: Failed to load 'VtuneApi.dll' (GetLastError=126)
LogWindows: File 'VtuneApi.dll' does not exist
LogWindows: Failed to load 'VtuneApi32e.dll' (GetLastError=126)
LogWindows: File 'VtuneApi32e.dll' does not exist
LogConsoleResponse: Display: Failed to find resolution value strings in scalability ini. Falling back to default.
LogInit: Display: Running engine for game: MobiusProto
LogPlatformFile: Not using cached read wrapper
LogTaskGraph: Started task graph with 5 named threads and 14 total threads with 3 sets of task threads.
LogStats: Stats thread started at 0.083786
LogD3D11RHI: Loaded GFSDK_Aftermath_Lib.x64.dll
LogICUInternationalization: ICU TimeZone Detection - Raw Offset: +1:00, Platform Override: ''
LogPluginManager: Mounting plugin Paper2D
LogPluginManager: Mounting plugin AISupport
LogPluginManager: Mounting plugin Angelscript
LogPluginManager: Mounting plugin LightPropagationVolume
LogPluginManager: Mounting plugin ActorLayerUtilities
LogPluginManager: Mounting plugin AnimationSharing
LogPluginManager: Mounting plugin CLionSourceCodeAccess
LogPluginManager: Mounting plugin CodeLiteSourceCodeAccess
LogPluginManager: Mounting plugin GitSourceControl
LogPluginManager: Mounting plugin KDevelopSourceCodeAccess
LogPluginManager: Mounting plugin NullSourceCodeAccess
LogPluginManager: Mounting plugin PerforceSourceControl
LogPluginManager: Mounting plugin SubversionSourceControl
LogPluginManager: Mounting plugin UObjectPlugin
LogPluginManager: Mounting plugin VisualStudioCodeSourceCodeAccess
LogPluginManager: Mounting plugin VisualStudioSourceCodeAccess
LogPluginManager: Mounting plugin XCodeSourceCodeAccess
LogPluginManager: Mounting plugin AssetManagerEditor
LogPluginManager: Mounting plugin CryptoKeys
LogPluginManager: Mounting plugin CurveEditorTools
LogPluginManager: Mounting plugin DataValidation
LogPluginManager: Mounting plugin FacialAnimation
LogPluginManager: Mounting plugin GameplayTagsEditor
LogPluginManager: Mounting plugin MacGraphicsSwitching
LogPluginManager: Mounting plugin MaterialAnalyzer
LogPluginManager: Mounting plugin MobileLauncherProfileWizard
LogPluginManager: Mounting plugin PluginBrowser
LogPluginManager: Mounting plugin SpeedTreeImporter
LogPluginManager: Mounting plugin DatasmithContent
LogPluginManager: Mounting plugin VariantManagerContent
LogPluginManager: Mounting plugin AlembicImporter
LogPluginManager: Mounting plugin AutomationUtils
LogPluginManager: Mounting plugin BackChannel
LogPluginManager: Mounting plugin CharacterAI
LogPluginManager: Mounting plugin GeometryCache
LogPluginManager: Mounting plugin HTML5Networking
LogPluginManager: Mounting plugin PlatformCrypto
LogPluginManager: Mounting plugin ProxyLODPlugin
LogPluginManager: Mounting plugin SkeletalReduction
LogPluginManager: Mounting plugin MagicLeap
LogPluginManager: Mounting plugin MagicLeapMedia
LogPluginManager: Mounting plugin AndroidMedia
LogPluginManager: Mounting plugin AvfMedia
LogPluginManager: Mounting plugin ImgMedia
LogPluginManager: Mounting plugin MediaCompositing
LogPluginManager: Mounting plugin MediaPlayerEditor
LogPluginManager: Mounting plugin WebMMedia
LogPluginManager: Mounting plugin WmfMedia
LogPluginManager: Mounting plugin TcpMessaging
LogPluginManager: Mounting plugin UdpMessaging
LogPluginManager: Mounting plugin ActorSequence
LogPluginManager: Mounting plugin LevelSequenceEditor
LogPluginManager: Mounting plugin MatineeToLevelSequence
LogPluginManager: Mounting plugin NetcodeUnitTest
LogPluginManager: Mounting plugin NUTUnrealEngine4
LogPluginManager: Mounting plugin OnlineSubsystemGooglePlay
LogPluginManager: Mounting plugin OnlineSubsystemIOS
LogPluginManager: Mounting plugin OnlineSubsystem
LogPluginManager: Mounting plugin OnlineSubsystemNull
LogPluginManager: Mounting plugin OnlineSubsystemUtils
LogPluginManager: Mounting plugin LauncherChunkInstaller
LogPluginManager: Mounting plugin AndroidDeviceProfileSelector
LogPluginManager: Mounting plugin AndroidMoviePlayer
LogPluginManager: Mounting plugin AndroidPermission
LogPluginManager: Mounting plugin AppleImageUtils
LogPluginManager: Mounting plugin AppleMoviePlayer
LogPluginManager: Mounting plugin ArchVisCharacter
LogPluginManager: Mounting plugin AudioCapture
LogPluginManager: Mounting plugin CableComponent
LogPluginManager: Mounting plugin CustomMeshComponent
LogPluginManager: Mounting plugin EditableMesh
LogPluginManager: Mounting plugin ExampleDeviceProfileSelector
LogPluginManager: Mounting plugin GoogleCloudMessaging
LogPluginManager: Mounting plugin IOSDeviceProfileSelector
LogPluginManager: Mounting plugin LinuxDeviceProfileSelector
LogPluginManager: Mounting plugin LocationServicesBPLibrary
LogPluginManager: Mounting plugin MobilePatchingUtils
LogPluginManager: Mounting plugin OculusVR
LogPluginManager: Mounting plugin PhysXVehicles
LogPluginManager: Mounting plugin ProceduralMeshComponent
LogPluginManager: Mounting plugin RuntimePhysXCooking
LogPluginManager: Mounting plugin SignificanceManager
LogPluginManager: Mounting plugin SteamVR
LogPluginManager: Mounting plugin WebMMoviePlayer
LogPluginManager: Mounting plugin WindowsMoviePlayer
LogPluginManager: Mounting plugin ScreenshotTools
LogInit: Using libcurl 7.55.1-DEV
LogInit:  - built for x86_64-pc-win32
LogInit:  - supports SSL with OpenSSL/1.1.1
LogInit:  - supports HTTP deflate (compression) using libz 1.2.8
LogInit:  - other features:
LogInit:      CURL_VERSION_SSL
LogInit:      CURL_VERSION_LIBZ
LogInit:      CURL_VERSION_IPV6
LogInit:      CURL_VERSION_ASYNCHDNS
LogInit:      CURL_VERSION_LARGEFILE
LogInit:      CURL_VERSION_IDN
LogInit:  CurlRequestOptions (configurable via config and command line):
LogInit:  - bVerifyPeer = true  - Libcurl will verify peer certificate
LogInit:  - bUseHttpProxy = false  - Libcurl will NOT use HTTP proxy
LogInit:  - bDontReuseConnections = false  - Libcurl will reuse connections
LogInit:  - MaxHostConnections = 16  - Libcurl will limit the number of connections to a host
LogInit:  - LocalHostAddr = Default
LogInit:  - BufferSize = 65536
LogOnline: OSS: Creating online subsystem instance for: NULL
LogInit: WinSock: version 1.1 (2.2), MaxSocks=32767, MaxUdp=65467
LogInit: Build: ++UE4+Release-4.23-CL-0
LogInit: Engine Version: 4.23.0-0+++UE4+Release-4.23
LogInit: Compatible Engine Version: 4.23.0-0+++UE4+Release-4.23
LogInit: Net CL: 0
LogInit: OS: Windows 10 (Release 1903) (), CPU: Intel(R) Core(TM) i5-7300HQ CPU @ 2.50GHz, GPU: NVIDIA GeForce GTX 1060 3GB
LogInit: Compiled (64-bit): Sep 21 2019 09:59:06
LogInit: Compiled with Visual C++: 19.16.27027.01
LogInit: Build Configuration: Development
LogInit: Branch Name: ++UE4+Release-4.23
LogInit: Command Line: 
LogInit: Base Directory: C:/Users/john.walden/Desktop/UE_AngelScript/Engine/Binaries/Win64/
LogInit: Installed Engine Build: 0
LogDevObjectVersion: Number of dev versions registered: 23
LogDevObjectVersion:   Dev-Blueprints (B0D832E4-1F89-4F0D-ACCF-7EB736FD4AA2): 10
LogDevObjectVersion:   Dev-Build (E1C64328-A22C-4D53-A36C-8E866417BD8C): 0
LogDevObjectVersion:   Dev-Core (375EC13C-06E4-48FB-B500-84F0262A717E): 3
LogDevObjectVersion:   Dev-Editor (E4B068ED-F494-42E9-A231-DA0B2E46BB41): 34
LogDevObjectVersion:   Dev-Framework (CFFC743F-43B0-4480-9391-14DF171D2073): 35
LogDevObjectVersion:   Dev-Mobile (B02B49B5-BB20-44E9-A304-32B752E40360): 2
LogDevObjectVersion:   Dev-Networking (A4E4105C-59A1-49B5-A7C5-40C4547EDFEE): 0
LogDevObjectVersion:   Dev-Online (39C831C9-5AE6-47DC-9A44-9C173E1C8E7C): 0
LogDevObjectVersion:   Dev-Physics (78F01B33-EBEA-4F98-B9B4-84EACCB95AA2): 0
LogDevObjectVersion:   Dev-Platform (6631380F-2D4D-43E0-8009-CF276956A95A): 0
LogDevObjectVersion:   Dev-Rendering (12F88B9F-8875-4AFC-A67C-D90C383ABD29): 31
LogDevObjectVersion:   Dev-Sequencer (7B5AE74C-D270-4C10-A958-57980B212A5A): 11
LogDevObjectVersion:   Dev-VR (D7296918-1DD6-4BDD-9DE2-64A83CC13884): 2
LogDevObjectVersion:   Dev-LoadTimes (C2A15278-BFE7-4AFE-6C17-90FF531DF755): 1
LogDevObjectVersion:   Private-Geometry (6EACA3D4-40EC-4CC1-B786-8BED09428FC5): 3
LogDevObjectVersion:   Dev-AnimPhys (29E575DD-E0A3-4627-9D10-D276232CDCEA): 17
LogDevObjectVersion:   Dev-Anim (AF43A65D-7FD3-4947-9873-3E8ED9C1BB05): 2
LogDevObjectVersion:   Dev-ReflectionCapture (6B266CEC-1EC7-4B8F-A30B-E4D90942FC07): 1
LogDevObjectVersion:   Dev-Automation (0DF73D61-A23F-47EA-B727-89E90C41499A): 1
LogDevObjectVersion:   FortniteMain (601D1886-AC64-4F84-AA16-D3DE0DEAC7D6): 27
LogDevObjectVersion:   Dev-Enterprise (9DFFBCD6-494F-0158-E221-12823C92A888): 6
LogDevObjectVersion:   Dev-Niagara (F2AED0AC-9AFE-416F-8664-AA7FFA26D6FC): 1
LogDevObjectVersion:   Dev-Destruction (174F1F0B-B4C6-45A5-B13F-2EE8D0FB917D): 9
LogInit: Presizing for max 16777216 objects, including 0 objects not considered by GC, pre-allocating 0 bytes for permanent pool.
LogInit: Object subsystem initialized
LogConfig: Setting CVar [[con.DebugEarlyDefault:1]]
LogConfig: Setting CVar [[r.setres:1280x720]]
[2019.10.11-08.47.33:688][  0]LogConfig: Setting CVar [[r.VSync:0]]
[2019.10.11-08.47.33:688][  0]LogConfig: Setting CVar [[r.RHICmdBypass:0]]
[2019.10.11-08.47.33:688][  0]LogConfig: Applying CVar settings from Section [/Script/Engine.RendererSettings] File [D:/Unreal/ProjectMobius/MobiusProto/Saved/Config/Windows/Engine.ini]
[2019.10.11-08.47.33:688][  0]LogConfig: Setting CVar [[r.GPUCrashDebugging:0]]
[2019.10.11-08.47.33:688][  0]LogConfig: Setting CVar [[r.DefaultFeature.AutoExposure.ExtendDefaultLuminanceRange:1]]
[2019.10.11-08.47.33:688][  0]LogConfig: Setting CVar [[r.DefaultFeature.MotionBlur:0]]
[2019.10.11-08.47.33:688][  0]LogConfig: Setting CVar [[r.DefaultFeature.AutoExposure:0]]
[2019.10.11-08.47.33:688][  0]LogConfig: Setting CVar [[r.DefaultFeature.AmbientOcclusionStaticFraction:0]]
[2019.10.11-08.47.33:688][  0]LogConfig: Setting CVar [[r.DefaultFeature.AmbientOcclusion:0]]
[2019.10.11-08.47.33:688][  0]LogConfig: Setting CVar [[r.DefaultFeature.Bloom:0]]
[2019.10.11-08.47.33:688][  0]LogConfig: Applying CVar settings from Section [/Script/Engine.RendererOverrideSettings] File [D:/Unreal/ProjectMobius/MobiusProto/Saved/Config/Windows/Engine.ini]
[2019.10.11-08.47.33:688][  0]LogConfig: Applying CVar settings from Section [/Script/Engine.StreamingSettings] File [D:/Unreal/ProjectMobius/MobiusProto/Saved/Config/Windows/Engine.ini]
[2019.10.11-08.47.33:688][  0]LogConfig: Setting CVar [[s.MinBulkDataSizeForAsyncLoading:131072]]
[2019.10.11-08.47.33:688][  0]LogConfig: Setting CVar [[s.AsyncLoadingThreadEnabled:0]]
[2019.10.11-08.47.33:688][  0]LogConfig: Setting CVar [[s.EventDrivenLoaderEnabled:1]]
[2019.10.11-08.47.33:688][  0]LogConfig: Setting CVar [[s.WarnIfTimeLimitExceeded:0]]
[2019.10.11-08.47.33:688][  0]LogConfig: Setting CVar [[s.TimeLimitExceededMultiplier:1.5]]
[2019.10.11-08.47.33:688][  0]LogConfig: Setting CVar [[s.TimeLimitExceededMinTime:0.005]]
[2019.10.11-08.47.33:688][  0]LogConfig: Setting CVar [[s.UseBackgroundLevelStreaming:1]]
[2019.10.11-08.47.33:688][  0]LogConfig: Setting CVar [[s.PriorityAsyncLoadingExtraTime:15.0]]
[2019.10.11-08.47.33:688][  0]LogConfig: Setting CVar [[s.LevelStreamingActorsUpdateTimeLimit:5.0]]
[2019.10.11-08.47.33:688][  0]LogConfig: Setting CVar [[s.PriorityLevelStreamingActorsUpdateExtraTime:5.0]]
[2019.10.11-08.47.33:688][  0]LogConfig: Setting CVar [[s.LevelStreamingComponentsRegistrationGranularity:10]]
[2019.10.11-08.47.33:688][  0]LogConfig: Setting CVar [[s.UnregisterComponentsTimeLimit:1.0]]
[2019.10.11-08.47.33:688][  0]LogConfig: Setting CVar [[s.LevelStreamingComponentsUnregistrationGranularity:5]]
[2019.10.11-08.47.33:688][  0]LogConfig: Applying CVar settings from Section [/Script/Engine.GarbageCollectionSettings] File [D:/Unreal/ProjectMobius/MobiusProto/Saved/Config/Windows/Engine.ini]
[2019.10.11-08.47.33:688][  0]LogConfig: Setting CVar [[gc.MaxObjectsNotConsideredByGC:1]]
[2019.10.11-08.47.33:688][  0]LogConfig: Setting CVar [[gc.SizeOfPermanentObjectPool:0]]
[2019.10.11-08.47.33:688][  0]LogConfig: Setting CVar [[gc.FlushStreamingOnGC:0]]
[2019.10.11-08.47.33:688][  0]LogConfig: Setting CVar [[gc.NumRetriesBeforeForcingGC:10]]
[2019.10.11-08.47.33:688][  0]LogConfig: Setting CVar [[gc.AllowParallelGC:1]]
[2019.10.11-08.47.33:688][  0]LogConfig: Setting CVar [[gc.TimeBetweenPurgingPendingKillObjects:61.1]]
[2019.10.11-08.47.33:688][  0]LogConfig: Setting CVar [[gc.MaxObjectsInEditor:16777216]]
[2019.10.11-08.47.33:688][  0]LogConfig: Setting CVar [[gc.IncrementalBeginDestroyEnabled:1]]
[2019.10.11-08.47.33:689][  0]LogConfig: Setting CVar [[gc.CreateGCClusters:1]]
[2019.10.11-08.47.33:689][  0]LogConfig: Setting CVar [[gc.MinGCClusterSize:5]]
[2019.10.11-08.47.33:689][  0]LogConfig: Setting CVar [[gc.ActorClusteringEnabled:0]]
[2019.10.11-08.47.33:689][  0]LogConfig: Setting CVar [[gc.BlueprintClusteringEnabled:0]]
[2019.10.11-08.47.33:689][  0]LogConfig: Setting CVar [[gc.UseDisregardForGCOnDedicatedServers:0]]
[2019.10.11-08.47.33:689][  0]LogConfig: Applying CVar settings from Section [/Script/Engine.NetworkSettings] File [D:/Unreal/ProjectMobius/MobiusProto/Saved/Config/Windows/Engine.ini]
[2019.10.11-08.47.33:689][  0]LogConfig: Applying CVar settings from Section [/Script/UnrealEd.CookerSettings] File [D:/Unreal/ProjectMobius/MobiusProto/Saved/Config/Windows/Engine.ini]
[2019.10.11-08.47.33:695][  0]LogConfig: Applying CVar settings from Section [ViewDistanceQuality@3] File [D:/Unreal/ProjectMobius/MobiusProto/Saved/Config/Windows/Scalability.ini]
[2019.10.11-08.47.33:695][  0]LogConfig: Setting CVar [[r.SkeletalMeshLODBias:0]]
[2019.10.11-08.47.33:695][  0]LogConfig: Setting CVar [[r.ViewDistanceScale:1.0]]
[2019.10.11-08.47.33:695][  0]LogConfig: Applying CVar settings from Section [AntiAliasingQuality@3] File [D:/Unreal/ProjectMobius/MobiusProto/Saved/Config/Windows/Scalability.ini]
[2019.10.11-08.47.33:695][  0]LogConfig: Setting CVar [[r.PostProcessAAQuality:4]]
[2019.10.11-08.47.33:695][  0]LogConfig: Applying CVar settings from Section [ShadowQuality@3] File [D:/Unreal/ProjectMobius/MobiusProto/Saved/Config/Windows/Scalability.ini]
[2019.10.11-08.47.33:695][  0]LogConfig: Setting CVar [[r.LightFunctionQuality:1]]
[2019.10.11-08.47.33:695][  0]LogConfig: Setting CVar [[r.ShadowQuality:5]]
[2019.10.11-08.47.33:695][  0]LogConfig: Setting CVar [[r.Shadow.CSM.MaxCascades:10]]
[2019.10.11-08.47.33:695][  0]LogConfig: Setting CVar [[r.Shadow.MaxResolution:2048]]
[2019.10.11-08.47.33:695][  0]LogConfig: Setting CVar [[r.Shadow.MaxCSMResolution:2048]]
[2019.10.11-08.47.33:695][  0]LogConfig: Setting CVar [[r.Shadow.RadiusThreshold:0.01]]
[2019.10.11-08.47.33:695][  0]LogConfig: Setting CVar [[r.Shadow.DistanceScale:1.0]]
[2019.10.11-08.47.33:695][  0]LogConfig: Setting CVar [[r.Shadow.CSM.TransitionScale:1.0]]
[2019.10.11-08.47.33:695][  0]LogConfig: Setting CVar [[r.Shadow.PreShadowResolutionFactor:1.0]]
[2019.10.11-08.47.33:695][  0]LogConfig: Setting CVar [[r.DistanceFieldShadowing:1]]
[2019.10.11-08.47.33:695][  0]LogConfig: Setting CVar [[r.DistanceFieldAO:1]]
[2019.10.11-08.47.33:695][  0]LogConfig: Setting CVar [[r.AOQuality:2]]
[2019.10.11-08.47.33:695][  0]LogConfig: Setting CVar [[r.VolumetricFog:1]]
[2019.10.11-08.47.33:695][  0]LogConfig: Setting CVar [[r.VolumetricFog.GridPixelSize:8]]
[2019.10.11-08.47.33:695][  0]LogConfig: Setting CVar [[r.VolumetricFog.GridSizeZ:128]]
[2019.10.11-08.47.33:695][  0]LogConfig: Setting CVar [[r.VolumetricFog.HistoryMissSupersampleCount:4]]
[2019.10.11-08.47.33:695][  0]LogConfig: Setting CVar [[r.LightMaxDrawDistanceScale:1]]
[2019.10.11-08.47.33:695][  0]LogConfig: Setting CVar [[r.CapsuleShadows:1]]
[2019.10.11-08.47.33:695][  0]LogConfig: Applying CVar settings from Section [PostProcessQuality@3] File [D:/Unreal/ProjectMobius/MobiusProto/Saved/Config/Windows/Scalability.ini]
[2019.10.11-08.47.33:695][  0]LogConfig: Setting CVar [[r.MotionBlurQuality:4]]
[2019.10.11-08.47.33:695][  0]LogConfig: Setting CVar [[r.AmbientOcclusionMipLevelFactor:0.4]]
[2019.10.11-08.47.33:695][  0]LogConfig: Setting CVar [[r.AmbientOcclusionMaxQuality:100]]
[2019.10.11-08.47.33:695][  0]LogConfig: Setting CVar [[r.AmbientOcclusionLevels:-1]]
[2019.10.11-08.47.33:695][  0]LogConfig: Setting CVar [[r.AmbientOcclusionRadiusScale:1.0]]
[2019.10.11-08.47.33:695][  0]LogConfig: Setting CVar [[r.DepthOfFieldQuality:2]]
[2019.10.11-08.47.33:695][  0]LogConfig: Setting CVar [[r.RenderTargetPoolMin:400]]
[2019.10.11-08.47.33:695][  0]LogConfig: Setting CVar [[r.LensFlareQuality:2]]
[2019.10.11-08.47.33:695][  0]LogConfig: Setting CVar [[r.SceneColorFringeQuality:1]]
[2019.10.11-08.47.33:695][  0]LogConfig: Setting CVar [[r.EyeAdaptationQuality:2]]
[2019.10.11-08.47.33:695][  0]LogConfig: Setting CVar [[r.BloomQuality:5]]
[2019.10.11-08.47.33:695][  0]LogConfig: Setting CVar [[r.FastBlurThreshold:100]]
[2019.10.11-08.47.33:695][  0]LogConfig: Setting CVar [[r.Upscale.Quality:3]]
[2019.10.11-08.47.33:695][  0]LogConfig: Setting CVar [[r.Tonemapper.GrainQuantization:1]]
[2019.10.11-08.47.33:695][  0]LogConfig: Setting CVar [[r.LightShaftQuality:1]]
[2019.10.11-08.47.33:695][  0]LogConfig: Setting CVar [[r.Filter.SizeScale:1]]
[2019.10.11-08.47.33:696][  0]LogConfig: Setting CVar [[r.Tonemapper.Quality:5]]
[2019.10.11-08.47.33:696][  0]LogConfig: Setting CVar [[r.DOF.Gather.AccumulatorQuality:1        ; higher gathering accumulator quality]]
[2019.10.11-08.47.33:696][  0]LogConfig: Setting CVar [[r.DOF.Gather.PostfilterMethod:1          ; Median3x3 postfilering method]]
[2019.10.11-08.47.33:696][  0]LogConfig: Setting CVar [[r.DOF.Gather.EnableBokehSettings:0       ; no bokeh simulation when gathering]]
[2019.10.11-08.47.33:696][  0]LogConfig: Setting CVar [[r.DOF.Gather.RingCount:4                 ; medium number of samples when gathering]]
[2019.10.11-08.47.33:696][  0]LogConfig: Setting CVar [[r.DOF.Scatter.ForegroundCompositing:1    ; additive foreground scattering]]
[2019.10.11-08.47.33:696][  0]LogConfig: Setting CVar [[r.DOF.Scatter.BackgroundCompositing:2    ; additive background scattering]]
[2019.10.11-08.47.33:696][  0]LogConfig: Setting CVar [[r.DOF.Scatter.EnableBokehSettings:1      ; bokeh simulation when scattering]]
[2019.10.11-08.47.33:696][  0]LogConfig: Setting CVar [[r.DOF.Scatter.MaxSpriteRatio:0.1         ; only a maximum of 10% of scattered bokeh]]
[2019.10.11-08.47.33:696][  0]LogConfig: Setting CVar [[r.DOF.Recombine.Quality:1                ; cheap slight out of focus]]
[2019.10.11-08.47.33:696][  0]LogConfig: Setting CVar [[r.DOF.Recombine.EnableBokehSettings:0    ; no bokeh simulation on slight out of focus]]
[2019.10.11-08.47.33:696][  0]LogConfig: Setting CVar [[r.DOF.TemporalAAQuality:1                ; more stable temporal accumulation]]
[2019.10.11-08.47.33:696][  0]LogConfig: Setting CVar [[r.DOF.Kernel.MaxForegroundRadius:0.025]]
[2019.10.11-08.47.33:696][  0]LogConfig: Setting CVar [[r.DOF.Kernel.MaxBackgroundRadius:0.025]]
[2019.10.11-08.47.33:696][  0]LogConfig: Applying CVar settings from Section [TextureQuality@3] File [D:/Unreal/ProjectMobius/MobiusProto/Saved/Config/Windows/Scalability.ini]
[2019.10.11-08.47.33:696][  0]LogConfig: Setting CVar [[r.Streaming.MipBias:0]]
[2019.10.11-08.47.33:696][  0]LogConfig: Setting CVar [[r.Streaming.AmortizeCPUToGPUCopy:0]]
[2019.10.11-08.47.33:696][  0]LogConfig: Setting CVar [[r.Streaming.MaxNumTexturesToStreamPerFrame:0]]
[2019.10.11-08.47.33:696][  0]LogConfig: Setting CVar [[r.Streaming.Boost:1]]
[2019.10.11-08.47.33:696][  0]LogConfig: Setting CVar [[r.MaxAnisotropy:8]]
[2019.10.11-08.47.33:696][  0]LogConfig: Setting CVar [[r.Streaming.LimitPoolSizeToVRAM:0]]
[2019.10.11-08.47.33:696][  0]LogConfig: Setting CVar [[r.Streaming.PoolSize:1000]]
[2019.10.11-08.47.33:696][  0]LogConfig: Setting CVar [[r.Streaming.MaxEffectiveScreenSize:0]]
[2019.10.11-08.47.33:696][  0]LogConfig: Applying CVar settings from Section [EffectsQuality@3] File [D:/Unreal/ProjectMobius/MobiusProto/Saved/Config/Windows/Scalability.ini]
[2019.10.11-08.47.33:696][  0]LogConfig: Setting CVar [[r.TranslucencyLightingVolumeDim:64]]
[2019.10.11-08.47.33:696][  0]LogConfig: Setting CVar [[r.RefractionQuality:2]]
[2019.10.11-08.47.33:696][  0]LogConfig: Setting CVar [[r.SSR.Quality:3]]
[2019.10.11-08.47.33:696][  0]LogConfig: Setting CVar [[r.SceneColorFormat:4]]
[2019.10.11-08.47.33:696][  0]LogConfig: Setting CVar [[r.DetailMode:2]]
[2019.10.11-08.47.33:696][  0]LogConfig: Setting CVar [[r.TranslucencyVolumeBlur:1]]
[2019.10.11-08.47.33:696][  0]LogConfig: Setting CVar [[r.MaterialQualityLevel:1 ; High quality]]
[2019.10.11-08.47.33:696][  0]LogConfig: Setting CVar [[r.SSS.Scale:1]]
[2019.10.11-08.47.33:696][  0]LogConfig: Setting CVar [[r.SSS.SampleSet:2]]
[2019.10.11-08.47.33:696][  0]LogConfig: Setting CVar [[r.SSS.Quality:1]]
[2019.10.11-08.47.33:696][  0]LogConfig: Setting CVar [[r.SSS.HalfRes:1]]
[2019.10.11-08.47.33:696][  0]LogConfig: Setting CVar [[r.EmitterSpawnRateScale:1.0]]
[2019.10.11-08.47.33:696][  0]LogConfig: Setting CVar [[r.ParticleLightQuality:2]]
[2019.10.11-08.47.33:696][  0]LogConfig: Applying CVar settings from Section [FoliageQuality@3] File [D:/Unreal/ProjectMobius/MobiusProto/Saved/Config/Windows/Scalability.ini]
[2019.10.11-08.47.33:696][  0]LogConfig: Setting CVar [[foliage.DensityScale:1.0]]
[2019.10.11-08.47.33:696][  0]LogConfig: Setting CVar [[grass.DensityScale:1.0]]
[2019.10.11-08.47.33:697][  0]LogInit: Selected Device Profile: [Windows]
[2019.10.11-08.47.33:697][  0]LogInit: Applying CVar settings loaded from the selected device profile: [Windows]
[2019.10.11-08.47.33:700][  0]LogHAL: Display: Platform has ~ 16 GB [17131020288 / 17179869184 / 16], which maps to Larger [LargestMinGB=32, LargerMinGB=12, DefaultMinGB=8, SmallerMinGB=6, SmallestMinGB=0)
[2019.10.11-08.47.33:700][  0]LogInit: Going up to parent DeviceProfile []
[2019.10.11-08.47.33:700][  0]LogConfig: Applying CVar settings from Section [ViewDistanceQuality@3] File [D:/Unreal/ProjectMobius/MobiusProto/Saved/Config/Windows/Scalability.ini]
[2019.10.11-08.47.33:700][  0]LogConfig: Setting CVar [[r.SkeletalMeshLODBias:0]]
[2019.10.11-08.47.33:700][  0]LogConfig: Setting CVar [[r.ViewDistanceScale:1.0]]
[2019.10.11-08.47.33:700][  0]LogConfig: Applying CVar settings from Section [AntiAliasingQuality@3] File [D:/Unreal/ProjectMobius/MobiusProto/Saved/Config/Windows/Scalability.ini]
[2019.10.11-08.47.33:700][  0]LogConfig: Setting CVar [[r.PostProcessAAQuality:4]]
[2019.10.11-08.47.33:700][  0]LogConfig: Applying CVar settings from Section [ShadowQuality@3] File [D:/Unreal/ProjectMobius/MobiusProto/Saved/Config/Windows/Scalability.ini]
[2019.10.11-08.47.33:700][  0]LogConfig: Setting CVar [[r.LightFunctionQuality:1]]
[2019.10.11-08.47.33:700][  0]LogConfig: Setting CVar [[r.ShadowQuality:5]]
[2019.10.11-08.47.33:700][  0]LogConfig: Setting CVar [[r.Shadow.CSM.MaxCascades:10]]
[2019.10.11-08.47.33:700][  0]LogConfig: Setting CVar [[r.Shadow.MaxResolution:2048]]
[2019.10.11-08.47.33:700][  0]LogConfig: Setting CVar [[r.Shadow.MaxCSMResolution:2048]]
[2019.10.11-08.47.33:700][  0]LogConfig: Setting CVar [[r.Shadow.RadiusThreshold:0.01]]
[2019.10.11-08.47.33:701][  0]LogConfig: Setting CVar [[r.Shadow.DistanceScale:1.0]]
[2019.10.11-08.47.33:701][  0]LogConfig: Setting CVar [[r.Shadow.CSM.TransitionScale:1.0]]
[2019.10.11-08.47.33:701][  0]LogConfig: Setting CVar [[r.Shadow.PreShadowResolutionFactor:1.0]]
[2019.10.11-08.47.33:701][  0]LogConfig: Setting CVar [[r.DistanceFieldShadowing:1]]
[2019.10.11-08.47.33:701][  0]LogConfig: Setting CVar [[r.DistanceFieldAO:1]]
[2019.10.11-08.47.33:701][  0]LogConfig: Setting CVar [[r.AOQuality:2]]
[2019.10.11-08.47.33:701][  0]LogConfig: Setting CVar [[r.VolumetricFog:1]]
[2019.10.11-08.47.33:701][  0]LogConfig: Setting CVar [[r.VolumetricFog.GridPixelSize:8]]
[2019.10.11-08.47.33:701][  0]LogConfig: Setting CVar [[r.VolumetricFog.GridSizeZ:128]]
[2019.10.11-08.47.33:701][  0]LogConfig: Setting CVar [[r.VolumetricFog.HistoryMissSupersampleCount:4]]
[2019.10.11-08.47.33:701][  0]LogConfig: Setting CVar [[r.LightMaxDrawDistanceScale:1]]
[2019.10.11-08.47.33:701][  0]LogConfig: Setting CVar [[r.CapsuleShadows:1]]
[2019.10.11-08.47.33:701][  0]LogConfig: Applying CVar settings from Section [PostProcessQuality@3] File [D:/Unreal/ProjectMobius/MobiusProto/Saved/Config/Windows/Scalability.ini]
[2019.10.11-08.47.33:701][  0]LogConfig: Setting CVar [[r.MotionBlurQuality:4]]
[2019.10.11-08.47.33:701][  0]LogConfig: Setting CVar [[r.AmbientOcclusionMipLevelFactor:0.4]]
[2019.10.11-08.47.33:701][  0]LogConfig: Setting CVar [[r.AmbientOcclusionMaxQuality:100]]
[2019.10.11-08.47.33:701][  0]LogConfig: Setting CVar [[r.AmbientOcclusionLevels:-1]]
[2019.10.11-08.47.33:701][  0]LogConfig: Setting CVar [[r.AmbientOcclusionRadiusScale:1.0]]
[2019.10.11-08.47.33:701][  0]LogConfig: Setting CVar [[r.DepthOfFieldQuality:2]]
[2019.10.11-08.47.33:701][  0]LogConfig: Setting CVar [[r.RenderTargetPoolMin:400]]
[2019.10.11-08.47.33:701][  0]LogConfig: Setting CVar [[r.LensFlareQuality:2]]
[2019.10.11-08.47.33:701][  0]LogConfig: Setting CVar [[r.SceneColorFringeQuality:1]]
[2019.10.11-08.47.33:701][  0]LogConfig: Setting CVar [[r.EyeAdaptationQuality:2]]
[2019.10.11-08.47.33:701][  0]LogConfig: Setting CVar [[r.BloomQuality:5]]
[2019.10.11-08.47.33:701][  0]LogConfig: Setting CVar [[r.FastBlurThreshold:100]]
[2019.10.11-08.47.33:701][  0]LogConfig: Setting CVar [[r.Upscale.Quality:3]]
[2019.10.11-08.47.33:701][  0]LogConfig: Setting CVar [[r.Tonemapper.GrainQuantization:1]]
[2019.10.11-08.47.33:701][  0]LogConfig: Setting CVar [[r.LightShaftQuality:1]]
[2019.10.11-08.47.33:701][  0]LogConfig: Setting CVar [[r.Filter.SizeScale:1]]
[2019.10.11-08.47.33:701][  0]LogConfig: Setting CVar [[r.Tonemapper.Quality:5]]
[2019.10.11-08.47.33:701][  0]LogConfig: Setting CVar [[r.DOF.Gather.AccumulatorQuality:1        ; higher gathering accumulator quality]]
[2019.10.11-08.47.33:701][  0]LogConfig: Setting CVar [[r.DOF.Gather.PostfilterMethod:1          ; Median3x3 postfilering method]]
[2019.10.11-08.47.33:701][  0]LogConfig: Setting CVar [[r.DOF.Gather.EnableBokehSettings:0       ; no bokeh simulation when gathering]]
[2019.10.11-08.47.33:701][  0]LogConfig: Setting CVar [[r.DOF.Gather.RingCount:4                 ; medium number of samples when gathering]]
[2019.10.11-08.47.33:701][  0]LogConfig: Setting CVar [[r.DOF.Scatter.ForegroundCompositing:1    ; additive foreground scattering]]
[2019.10.11-08.47.33:701][  0]LogConfig: Setting CVar [[r.DOF.Scatter.BackgroundCompositing:2    ; additive background scattering]]
[2019.10.11-08.47.33:701][  0]LogConfig: Setting CVar [[r.DOF.Scatter.EnableBokehSettings:1      ; bokeh simulation when scattering]]
[2019.10.11-08.47.33:701][  0]LogConfig: Setting CVar [[r.DOF.Scatter.MaxSpriteRatio:0.1         ; only a maximum of 10% of scattered bokeh]]
[2019.10.11-08.47.33:701][  0]LogConfig: Setting CVar [[r.DOF.Recombine.Quality:1                ; cheap slight out of focus]]
[2019.10.11-08.47.33:701][  0]LogConfig: Setting CVar [[r.DOF.Recombine.EnableBokehSettings:0    ; no bokeh simulation on slight out of focus]]
[2019.10.11-08.47.33:701][  0]LogConfig: Setting CVar [[r.DOF.TemporalAAQuality:1                ; more stable temporal accumulation]]
[2019.10.11-08.47.33:701][  0]LogConfig: Setting CVar [[r.DOF.Kernel.MaxForegroundRadius:0.025]]
[2019.10.11-08.47.33:701][  0]LogConfig: Setting CVar [[r.DOF.Kernel.MaxBackgroundRadius:0.025]]
[2019.10.11-08.47.33:701][  0]LogConfig: Applying CVar settings from Section [TextureQuality@3] File [D:/Unreal/ProjectMobius/MobiusProto/Saved/Config/Windows/Scalability.ini]
[2019.10.11-08.47.33:701][  0]LogConfig: Setting CVar [[r.Streaming.MipBias:0]]
[2019.10.11-08.47.33:701][  0]LogConfig: Setting CVar [[r.Streaming.AmortizeCPUToGPUCopy:0]]
[2019.10.11-08.47.33:701][  0]LogConfig: Setting CVar [[r.Streaming.MaxNumTexturesToStreamPerFrame:0]]
[2019.10.11-08.47.33:701][  0]LogConfig: Setting CVar [[r.Streaming.Boost:1]]
[2019.10.11-08.47.33:701][  0]LogConfig: Setting CVar [[r.MaxAnisotropy:8]]
[2019.10.11-08.47.33:701][  0]LogConfig: Setting CVar [[r.Streaming.LimitPoolSizeToVRAM:0]]
[2019.10.11-08.47.33:701][  0]LogConfig: Setting CVar [[r.Streaming.PoolSize:1000]]
[2019.10.11-08.47.33:701][  0]LogConfig: Setting CVar [[r.Streaming.MaxEffectiveScreenSize:0]]
[2019.10.11-08.47.33:701][  0]LogConfig: Applying CVar settings from Section [EffectsQuality@3] File [D:/Unreal/ProjectMobius/MobiusProto/Saved/Config/Windows/Scalability.ini]
[2019.10.11-08.47.33:701][  0]LogConfig: Setting CVar [[r.TranslucencyLightingVolumeDim:64]]
[2019.10.11-08.47.33:701][  0]LogConfig: Setting CVar [[r.RefractionQuality:2]]
[2019.10.11-08.47.33:701][  0]LogConfig: Setting CVar [[r.SSR.Quality:3]]
[2019.10.11-08.47.33:701][  0]LogConfig: Setting CVar [[r.SceneColorFormat:4]]
[2019.10.11-08.47.33:701][  0]LogConfig: Setting CVar [[r.DetailMode:2]]
[2019.10.11-08.47.33:701][  0]LogConfig: Setting CVar [[r.TranslucencyVolumeBlur:1]]
[2019.10.11-08.47.33:701][  0]LogConfig: Setting CVar [[r.MaterialQualityLevel:1 ; High quality]]
[2019.10.11-08.47.33:701][  0]LogConfig: Setting CVar [[r.SSS.Scale:1]]
[2019.10.11-08.47.33:701][  0]LogConfig: Setting CVar [[r.SSS.SampleSet:2]]
[2019.10.11-08.47.33:701][  0]LogConfig: Setting CVar [[r.SSS.Quality:1]]
[2019.10.11-08.47.33:701][  0]LogConfig: Setting CVar [[r.SSS.HalfRes:1]]
[2019.10.11-08.47.33:701][  0]LogConfig: Setting CVar [[r.EmitterSpawnRateScale:1.0]]
[2019.10.11-08.47.33:701][  0]LogConfig: Setting CVar [[r.ParticleLightQuality:2]]
[2019.10.11-08.47.33:701][  0]LogConfig: Applying CVar settings from Section [FoliageQuality@3] File [D:/Unreal/ProjectMobius/MobiusProto/Saved/Config/Windows/Scalability.ini]
[2019.10.11-08.47.33:701][  0]LogConfig: Setting CVar [[foliage.DensityScale:1.0]]
[2019.10.11-08.47.33:701][  0]LogConfig: Setting CVar [[grass.DensityScale:1.0]]
[2019.10.11-08.47.33:701][  0]LogConfig: Applying CVar settings from Section [Startup] File [../../../Engine/Config/ConsoleVariables.ini]
[2019.10.11-08.47.33:702][  0]LogConfig: Setting CVar [[net.UseAdaptiveNetUpdateFrequency:0]]
[2019.10.11-08.47.33:702][  0]LogConfig: Setting CVar [[p.chaos.AllowCreatePhysxBodies:1]]
[2019.10.11-08.47.33:702][  0]LogConfig: Applying CVar settings from Section [ConsoleVariables] File [D:/Unreal/ProjectMobius/MobiusProto/Saved/Config/Windows/Engine.ini]
[2019.10.11-08.47.33:702][  0]LogInit: Computer: FG17AOR021
[2019.10.11-08.47.33:702][  0]LogInit: User: johnwalden
[2019.10.11-08.47.33:702][  0]LogInit: CPU Page size=4096, Cores=4
[2019.10.11-08.47.33:702][  0]LogInit: High frequency timer resolution =10.000000 MHz
[2019.10.11-08.47.33:702][  0]LogMemory: Memory total: Physical=16.0GB (16GB approx)
[2019.10.11-08.47.33:702][  0]LogMemory: Platform Memory Stats for Windows
[2019.10.11-08.47.33:702][  0]LogMemory: Process Physical Memory: 101.45 MB used, 101.46 MB peak
[2019.10.11-08.47.33:702][  0]LogMemory: Process Virtual Memory: 98.83 MB used, 98.83 MB peak
[2019.10.11-08.47.33:702][  0]LogMemory: Physical Memory: 4652.50 MB used,  11684.91 MB free, 16337.41 MB total
[2019.10.11-08.47.33:702][  0]LogMemory: Virtual Memory: 4654.43 MB used,  134213072.00 MB free, 134217728.00 MB total
[2019.10.11-08.47.33:705][  0]LogWindows: WindowsPlatformFeatures enabled
[2019.10.11-08.47.33:734][  0]LogInit: Using OS detected language (en-US).
[2019.10.11-08.47.33:734][  0]LogInit: Using OS detected locale (en-SE).
[2019.10.11-08.47.33:735][  0]LogTextLocalizationManager: No specific localization for 'en-US' exists, so the 'en' localization will be used.
[2019.10.11-08.47.33:917][  0]LogInit: Setting process to per monitor DPI aware
[2019.10.11-08.47.33:956][  0]LogSlate: New Slate User Created.  User Index 0, Is Virtual User: 0
[2019.10.11-08.47.33:957][  0]LogSlate: Slate User Registered.  User Index 0, Is Virtual User: 0
[2019.10.11-08.47.34:122][  0]LogHMD: Failed to initialize OpenVR with code 110
[2019.10.11-08.47.34:122][  0]LogD3D11RHI: D3D11 adapters:
[2019.10.11-08.47.34:175][  0]LogD3D11RHI:    0. 'NVIDIA GeForce GTX 1060 3GB' (Feature Level 11_0)
[2019.10.11-08.47.34:175][  0]LogD3D11RHI:       2997/0/8168 MB DedicatedVideo/DedicatedSystem/SharedSystem, Outputs:2, VendorId:0x10de
[2019.10.11-08.47.34:177][  0]LogD3D11RHI:    1. 'Microsoft Basic Render Driver' (Feature Level 11_0)
[2019.10.11-08.47.34:177][  0]LogD3D11RHI:       0/0/8168 MB DedicatedVideo/DedicatedSystem/SharedSystem, Outputs:0, VendorId:0x1414
[2019.10.11-08.47.34:177][  0]LogD3D11RHI: Chosen D3D11 Adapter: 0
[2019.10.11-08.47.34:183][  0]LogD3D11RHI: Creating new Direct3DDevice
[2019.10.11-08.47.34:183][  0]LogD3D11RHI:     GPU DeviceId: 0x1c02 (for the marketing name, search the web for "GPU Device Id")
[2019.10.11-08.47.34:183][  0]LogWindows: EnumDisplayDevices:
[2019.10.11-08.47.34:183][  0]LogWindows:    0. 'NVIDIA GeForce GTX 1060 3GB' (P:1 D:1)
[2019.10.11-08.47.34:183][  0]LogWindows:    1. 'NVIDIA GeForce GTX 1060 3GB' (P:0 D:1)
[2019.10.11-08.47.34:184][  0]LogWindows:    2. 'NVIDIA GeForce GTX 1060 3GB' (P:0 D:0)
[2019.10.11-08.47.34:184][  0]LogWindows:    3. 'NVIDIA GeForce GTX 1060 3GB' (P:0 D:0)
[2019.10.11-08.47.34:184][  0]LogWindows: DebugString: FoundDriverCount:4 
[2019.10.11-08.47.34:184][  0]LogD3D11RHI:     Adapter Name: NVIDIA GeForce GTX 1060 3GB
[2019.10.11-08.47.34:184][  0]LogD3D11RHI:   Driver Version: 388.46 (internal:23.21.13.8846, unified:388.46)
[2019.10.11-08.47.34:184][  0]LogD3D11RHI:      Driver Date: 11-29-2017
[2019.10.11-08.47.34:184][  0]LogRHI: Texture pool is 2097 MB (70% of 2997 MB)
[2019.10.11-08.47.34:219][  0]LogD3D11RHI: Async texture creation enabled
[2019.10.11-08.47.34:277][  0]LogD3D11RHI: GPU Timing Frequency: 1000.000000 (Debug: 2 1)
[2019.10.11-08.47.34:626][  0]LogTemp: Display: Module 'AllDesktopTargetPlatform' loaded TargetPlatform 'AllDesktop'
[2019.10.11-08.47.34:636][  0]LogTemp: Display: Module 'MacClientTargetPlatform' loaded TargetPlatform 'MacClient'
[2019.10.11-08.47.34:645][  0]LogTemp: Display: Module 'MacNoEditorTargetPlatform' loaded TargetPlatform 'MacNoEditor'
[2019.10.11-08.47.34:655][  0]LogTemp: Display: Module 'MacServerTargetPlatform' loaded TargetPlatform 'MacServer'
[2019.10.11-08.47.34:665][  0]LogTemp: Display: Module 'MacTargetPlatform' loaded TargetPlatform 'Mac'
[2019.10.11-08.47.34:674][  0]LogTemp: Display: Module 'WindowsClientTargetPlatform' loaded TargetPlatform 'WindowsClient'
[2019.10.11-08.47.34:683][  0]LogTemp: Display: Module 'WindowsNoEditorTargetPlatform' loaded TargetPlatform 'WindowsNoEditor'
[2019.10.11-08.47.34:692][  0]LogTemp: Display: Module 'WindowsServerTargetPlatform' loaded TargetPlatform 'WindowsServer'
[2019.10.11-08.47.34:698][  0]LogTemp: Display: Module 'WindowsTargetPlatform' loaded TargetPlatform 'Windows'
[2019.10.11-08.47.34:730][  0]LogTemp: Display: Module 'AndroidTargetPlatform' loaded TargetPlatform 'Android'
[2019.10.11-08.47.34:730][  0]LogTemp: Display: Module 'AndroidTargetPlatform' loaded TargetPlatform 'Android_ASTC'
[2019.10.11-08.47.34:730][  0]LogTemp: Display: Module 'AndroidTargetPlatform' loaded TargetPlatform 'Android_ATC'
[2019.10.11-08.47.34:730][  0]LogTemp: Display: Module 'AndroidTargetPlatform' loaded TargetPlatform 'Android_DXT'
[2019.10.11-08.47.34:730][  0]LogTemp: Display: Module 'AndroidTargetPlatform' loaded TargetPlatform 'Android_ETC1'
[2019.10.11-08.47.34:730][  0]LogTemp: Display: Module 'AndroidTargetPlatform' loaded TargetPlatform 'Android_ETC1a'
[2019.10.11-08.47.34:730][  0]LogTemp: Display: Module 'AndroidTargetPlatform' loaded TargetPlatform 'Android_ETC2'
[2019.10.11-08.47.34:730][  0]LogTemp: Display: Module 'AndroidTargetPlatform' loaded TargetPlatform 'Android_PVRTC'
[2019.10.11-08.47.34:730][  0]LogTemp: Display: Module 'AndroidTargetPlatform' loaded TargetPlatform 'AndroidClient'
[2019.10.11-08.47.34:730][  0]LogTemp: Display: Module 'AndroidTargetPlatform' loaded TargetPlatform 'Android_ASTCClient'
[2019.10.11-08.47.34:730][  0]LogTemp: Display: Module 'AndroidTargetPlatform' loaded TargetPlatform 'Android_ATCClient'
[2019.10.11-08.47.34:730][  0]LogTemp: Display: Module 'AndroidTargetPlatform' loaded TargetPlatform 'Android_DXTClient'
[2019.10.11-08.47.34:730][  0]LogTemp: Display: Module 'AndroidTargetPlatform' loaded TargetPlatform 'Android_ETC1Client'
[2019.10.11-08.47.34:730][  0]LogTemp: Display: Module 'AndroidTargetPlatform' loaded TargetPlatform 'Android_ETC1aClient'
[2019.10.11-08.47.34:730][  0]LogTemp: Display: Module 'AndroidTargetPlatform' loaded TargetPlatform 'Android_ETC2Client'
[2019.10.11-08.47.34:730][  0]LogTemp: Display: Module 'AndroidTargetPlatform' loaded TargetPlatform 'Android_PVRTCClient'
[2019.10.11-08.47.34:731][  0]LogTemp: Display: Module 'AndroidTargetPlatform' loaded TargetPlatform 'Android_Multi'
[2019.10.11-08.47.34:731][  0]LogTemp: Display: Module 'AndroidTargetPlatform' loaded TargetPlatform 'Android_MultiClient'
[2019.10.11-08.47.34:732][  0]LogTemp: Display: Module 'HTML5TargetPlatform' loaded TargetPlatform 'HTML5'
[2019.10.11-08.47.34:750][  0]LogTemp: Display: Module 'IOSTargetPlatform' loaded TargetPlatform 'IOSClient'
[2019.10.11-08.47.34:750][  0]LogTemp: Display: Module 'IOSTargetPlatform' loaded TargetPlatform 'IOS'
[2019.10.11-08.47.34:763][  0]LogTemp: Display: Module 'TVOSTargetPlatform' loaded TargetPlatform 'TVOSClient'
[2019.10.11-08.47.34:763][  0]LogTemp: Display: Module 'TVOSTargetPlatform' loaded TargetPlatform 'TVOS'
[2019.10.11-08.47.34:786][  0]LogTemp: Display: Module 'LuminTargetPlatform' loaded TargetPlatform 'Lumin'
[2019.10.11-08.47.34:786][  0]LogTemp: Display: Module 'LuminTargetPlatform' loaded TargetPlatform 'LuminClient'
[2019.10.11-08.47.34:786][  0]LogTargetPlatformManager: Display: Building Assets For Windows
[2019.10.11-08.47.34:798][  0]LogAudioDebug: Display: Lib vorbis DLL was dynamically loaded.
[2019.10.11-08.47.34:863][  0]LogShaderCompilers: Guid format shader working directory is 17 characters bigger than the processId version (D:/Unreal/ProjectMobius/MobiusProto/Intermediate/Shaders/WorkingDirectory/9064/).
[2019.10.11-08.47.34:863][  0]LogShaderCompilers: Cleaned the shader compiler working directory 'C:/Users/john.walden/AppData/Local/Temp/UnrealShaderWorkingDir/70E7D9B143701C5E6A543DB7E6D81FAD/'.
[2019.10.11-08.47.34:866][  0]LogXGEController: Cleaning working directory: C:/Users/john.walden/AppData/Local/Temp/UnrealXGEWorkingDir/
[2019.10.11-08.47.34:867][  0]LogXGEController: Cannot use XGE Controller as Incredibuild is not installed on this machine.
[2019.10.11-08.47.34:867][  0]LogShaderCompilers: Cannot use XGE Shader Compiler as Incredibuild is not installed on this machine.
[2019.10.11-08.47.34:867][  0]LogShaderCompilers: Display: Using Local Shader Compiler.
[2019.10.11-08.47.35:509][  0]LogDerivedDataCache: Display: Max Cache Size: 512 MB
[2019.10.11-08.47.35:571][  0]LogDerivedDataCache: Loaded boot cache 0.06s 73MB D:/Unreal/ProjectMobius/MobiusProto/DerivedDataCache/Boot.ddc.
[2019.10.11-08.47.35:571][  0]LogDerivedDataCache: Display: Loaded Boot cache: D:/Unreal/ProjectMobius/MobiusProto/DerivedDataCache/Boot.ddc
[2019.10.11-08.47.35:571][  0]LogDerivedDataCache: FDerivedDataBackendGraph:  Pak pak cache file D:/Unreal/ProjectMobius/MobiusProto/DerivedDataCache/DDC.ddp not found, will not use a pak cache.
[2019.10.11-08.47.35:571][  0]LogDerivedDataCache: Unable to find inner node Pak for hierarchical cache Hierarchy.
[2019.10.11-08.47.35:571][  0]LogDerivedDataCache: FDerivedDataBackendGraph:  EnginePak pak cache file ../../../Engine/DerivedDataCache/DDC.ddp not found, will not use a pak cache.
[2019.10.11-08.47.35:571][  0]LogDerivedDataCache: Unable to find inner node EnginePak for hierarchical cache Hierarchy.
[2019.10.11-08.47.35:573][  0]LogDerivedDataCache: Using Local data cache path ../../../Engine/DerivedDataCache: Writable
[2019.10.11-08.47.35:573][  0]LogDerivedDataCache: Shared data cache path not found in *engine.ini, will not use an Shared cache.
[2019.10.11-08.47.35:573][  0]LogDerivedDataCache: Unable to find inner node Shared for hierarchical cache Hierarchy.
[2019.10.11-08.47.35:599][  0]LogMaterial: Verifying Global Shaders for PCD3D_SM5
[2019.10.11-08.47.35:601][  0]LogSlate: Using FreeType 2.6.0
[2019.10.11-08.47.35:602][  0]LogSlate: SlateFontServices - WITH_FREETYPE: 1, WITH_HARFBUZZ: 1
[2019.10.11-08.47.35:660][  0]LogAssetRegistry: FAssetRegistry took 0.0023 seconds to start up
[2019.10.11-08.47.35:922][  0]LogInit: Selected Device Profile: [Windows]
[2019.10.11-08.47.36:085][  0]LogMeshReduction: Using QuadricMeshReduction for automatic static mesh reduction
[2019.10.11-08.47.36:085][  0]LogMeshReduction: Using SimplygonMeshReduction for automatic skeletal mesh reduction
[2019.10.11-08.47.36:085][  0]LogMeshReduction: Using ProxyLODMeshReduction for automatic mesh merging
[2019.10.11-08.47.36:085][  0]LogMeshReduction: No distributed automatic mesh merging module available
[2019.10.11-08.47.36:085][  0]LogMeshMerging: No distributed automatic mesh merging module available
[2019.10.11-08.47.36:096][  0]LogNetVersion: MobiusProto 1.0.0, NetCL: 0, EngineNetVer: 11, GameNetVer: 0 (Checksum: 1500229892)
[2019.10.11-08.47.36:530][  0]LogPackageLocalizationCache: Processed 12 localized package path(s) for 1 prioritized culture(s) in 0.045912 seconds
[2019.10.11-08.47.36:537][  0]LogUObjectArray: 43430 objects as part of root set at end of initial load.
[2019.10.11-08.47.36:538][  0]LogUObjectAllocator: 7928176 out of 0 bytes used by permanent object pool.
[2019.10.11-08.47.36:538][  0]LogUObjectArray: CloseDisregardForGC: 0/0 objects in disregard for GC pool
[2019.10.11-08.47.37:417][  0]LogTcpMessaging: Initializing TcpMessaging bridge
[2019.10.11-08.47.37:420][  0]LogUdpMessaging: Initializing bridge on interface 0.0.0.0:0 to multicast group 230.0.0.1:6666.
[2019.10.11-08.47.37:476][  0]SourceControl: Source control is disabled
[2019.10.11-08.47.37:477][  0]SourceControl: Source control is disabled
[2019.10.11-08.47.37:479][  0]SourceControl: Source control is disabled
[2019.10.11-08.47.37:480][  0]SourceControl: Source control is disabled
[2019.10.11-08.47.37:503][  0]LogStreaming: Warning: Failed to read file '../../../Engine/Plugins/Editor/PluginBrowser/Content/icon_tab_Plugins_16x.png' error.
[2019.10.11-08.47.37:503][  0]LogSlate: Could not find file for Slate resource: ../../../Engine/Plugins/Editor/PluginBrowser/Content/icon_tab_Plugins_16x.png
[2019.10.11-08.47.37:503][  0]LogStreaming: Warning: Failed to read file '../../../Engine/Plugins/Editor/PluginBrowser/Content/SmallArrowRight.png' error.
[2019.10.11-08.47.37:503][  0]LogSlate: Could not find file for Slate resource: ../../../Engine/Plugins/Editor/PluginBrowser/Content/SmallArrowRight.png
[2019.10.11-08.47.37:503][  0]LogStreaming: Warning: Failed to read file '../../../Engine/Plugins/Editor/PluginBrowser/Content/alert.png' error.
[2019.10.11-08.47.37:503][  0]LogSlate: Could not find file for Slate resource: ../../../Engine/Plugins/Editor/PluginBrowser/Content/alert.png
[2019.10.11-08.47.37:503][  0]LogStreaming: Warning: Failed to read file '../../../Engine/Plugins/Editor/PluginBrowser/Content/icon_plugins_builtin_20x.png' error.
[2019.10.11-08.47.37:503][  0]LogSlate: Could not find file for Slate resource: ../../../Engine/Plugins/Editor/PluginBrowser/Content/icon_plugins_builtin_20x.png
[2019.10.11-08.47.37:503][  0]LogStreaming: Warning: Failed to read file '../../../Engine/Plugins/Editor/PluginBrowser/Content/icon_plugins_installed_20x.png' error.
[2019.10.11-08.47.37:503][  0]LogSlate: Could not find file for Slate resource: ../../../Engine/Plugins/Editor/PluginBrowser/Content/icon_plugins_installed_20x.png
[2019.10.11-08.47.37:503][  0]LogStreaming: Warning: Failed to read file '../../../Engine/Plugins/Editor/PluginBrowser/Content/hiererchy_16x.png' error.
[2019.10.11-08.47.37:503][  0]LogSlate: Could not find file for Slate resource: ../../../Engine/Plugins/Editor/PluginBrowser/Content/hiererchy_16x.png
[2019.10.11-08.47.37:503][  0]LogStreaming: Warning: Failed to read file '../../../Engine/Plugins/Editor/PluginBrowser/Content/FolderOpen.png' error.
[2019.10.11-08.47.37:503][  0]LogSlate: Could not find file for Slate resource: ../../../Engine/Plugins/Editor/PluginBrowser/Content/FolderOpen.png
[2019.10.11-08.47.37:503][  0]LogStreaming: Warning: Failed to read file '../../../Engine/Plugins/Editor/PluginBrowser/Content/FolderClosed.png' error.
[2019.10.11-08.47.37:503][  0]LogSlate: Could not find file for Slate resource: ../../../Engine/Plugins/Editor/PluginBrowser/Content/FolderClosed.png
[2019.10.11-08.47.37:503][  0]LogStreaming: Warning: Failed to read file '../../../Engine/Plugins/Editor/PluginBrowser/Content/icon_plugins_betawarn_14px.png' error.
[2019.10.11-08.47.37:503][  0]LogSlate: Could not find file for Slate resource: ../../../Engine/Plugins/Editor/PluginBrowser/Content/icon_plugins_betawarn_14px.png
[2019.10.11-08.47.37:503][  0]LogStreaming: Warning: Failed to read file '../../../Engine/Plugins/Editor/PluginBrowser/Content/AppTabContentArea.png' error.
[2019.10.11-08.47.37:503][  0]LogSlate: Could not find file for Slate resource: ../../../Engine/Plugins/Editor/PluginBrowser/Content/AppTabContentArea.png
[2019.10.11-08.47.37:507][  0]LogStreaming: Warning: Failed to read file '../../../Engine/Plugins/Enterprise/DatasmithContent/Resources/Icons/DatasmithImporterIcon40.png' error.
[2019.10.11-08.47.37:507][  0]LogSlate: Could not find file for Slate resource: ../../../Engine/Plugins/Enterprise/DatasmithContent/Resources/Icons/DatasmithImporterIcon40.png
[2019.10.11-08.47.37:509][  0]LogStreaming: Warning: Failed to read file '../../../Engine/Plugins/Enterprise/DatasmithContent/Resources/Icons/DatasmithImporterIcon40.png' error.
[2019.10.11-08.47.37:509][  0]LogSlate: Could not find file for Slate resource: ../../../Engine/Plugins/Enterprise/DatasmithContent/Resources/Icons/DatasmithImporterIcon40.png
[2019.10.11-08.47.37:509][  0]LogStreaming: Warning: Failed to read file '../../../Engine/Plugins/Enterprise/DatasmithContent/Resources/Icons/DatasmithImporterIcon40.png' error.
[2019.10.11-08.47.37:509][  0]LogSlate: Could not find file for Slate resource: ../../../Engine/Plugins/Enterprise/DatasmithContent/Resources/Icons/DatasmithImporterIcon40.png
[2019.10.11-08.47.37:509][  0]LogStreaming: Warning: Failed to read file '../../../Engine/Plugins/Enterprise/DatasmithContent/Resources/Icons/DatasmithImporterIcon40.png' error.
[2019.10.11-08.47.37:509][  0]LogSlate: Could not find file for Slate resource: ../../../Engine/Plugins/Enterprise/DatasmithContent/Resources/Icons/DatasmithImporterIcon40.png
[2019.10.11-08.47.37:509][  0]LogStreaming: Warning: Failed to read file '../../../Engine/Plugins/Enterprise/DatasmithContent/Resources/Icons/DatasmithCADImporterIcon40.png' error.
[2019.10.11-08.47.37:509][  0]LogSlate: Could not find file for Slate resource: ../../../Engine/Plugins/Enterprise/DatasmithContent/Resources/Icons/DatasmithCADImporterIcon40.png
[2019.10.11-08.47.37:509][  0]LogStreaming: Warning: Failed to read file '../../../Engine/Plugins/Enterprise/DatasmithContent/Resources/Icons/DatasmithCADImporterIcon40.png' error.
[2019.10.11-08.47.37:509][  0]LogSlate: Could not find file for Slate resource: ../../../Engine/Plugins/Enterprise/DatasmithContent/Resources/Icons/DatasmithCADImporterIcon40.png
[2019.10.11-08.47.37:509][  0]LogStreaming: Warning: Failed to read file '../../../Engine/Plugins/Enterprise/DatasmithContent/Resources/Icons/DatasmithCADImporterIcon40.png' error.
[2019.10.11-08.47.37:509][  0]LogSlate: Could not find file for Slate resource: ../../../Engine/Plugins/Enterprise/DatasmithContent/Resources/Icons/DatasmithCADImporterIcon40.png
[2019.10.11-08.47.37:509][  0]LogStreaming: Warning: Failed to read file '../../../Engine/Plugins/Enterprise/DatasmithContent/Resources/Icons/DatasmithCADImporterIcon40.png' error.
[2019.10.11-08.47.37:509][  0]LogSlate: Could not find file for Slate resource: ../../../Engine/Plugins/Enterprise/DatasmithContent/Resources/Icons/DatasmithCADImporterIcon40.png
[2019.10.11-08.47.37:509][  0]LogStreaming: Warning: Failed to read file '../../../Engine/Plugins/Enterprise/DatasmithContent/Resources/Icons/DatasmithVREDImporter40.png' error.
[2019.10.11-08.47.37:509][  0]LogSlate: Could not find file for Slate resource: ../../../Engine/Plugins/Enterprise/DatasmithContent/Resources/Icons/DatasmithVREDImporter40.png
[2019.10.11-08.47.37:509][  0]LogStreaming: Warning: Failed to read file '../../../Engine/Plugins/Enterprise/DatasmithContent/Resources/Icons/DatasmithVREDImporter40.png' error.
[2019.10.11-08.47.37:509][  0]LogSlate: Could not find file for Slate resource: ../../../Engine/Plugins/Enterprise/DatasmithContent/Resources/Icons/DatasmithVREDImporter40.png
[2019.10.11-08.47.37:509][  0]LogStreaming: Warning: Failed to read file '../../../Engine/Plugins/Enterprise/DatasmithContent/Resources/Icons/DatasmithVREDImporter40.png' error.
[2019.10.11-08.47.37:509][  0]LogSlate: Could not find file for Slate resource: ../../../Engine/Plugins/Enterprise/DatasmithContent/Resources/Icons/DatasmithVREDImporter40.png
[2019.10.11-08.47.37:509][  0]LogStreaming: Warning: Failed to read file '../../../Engine/Plugins/Enterprise/DatasmithContent/Resources/Icons/DatasmithVREDImporter40.png' error.
[2019.10.11-08.47.37:509][  0]LogSlate: Could not find file for Slate resource: ../../../Engine/Plugins/Enterprise/DatasmithContent/Resources/Icons/DatasmithVREDImporter40.png
[2019.10.11-08.47.37:509][  0]LogStreaming: Warning: Failed to read file '../../../Engine/Plugins/Enterprise/DatasmithContent/Resources/Icons/DatasmithDeltaGenImporter40.png' error.
[2019.10.11-08.47.37:509][  0]LogSlate: Could not find file for Slate resource: ../../../Engine/Plugins/Enterprise/DatasmithContent/Resources/Icons/DatasmithDeltaGenImporter40.png
[2019.10.11-08.47.37:509][  0]LogStreaming: Warning: Failed to read file '../../../Engine/Plugins/Enterprise/DatasmithContent/Resources/Icons/DatasmithDeltaGenImporter40.png' error.
[2019.10.11-08.47.37:509][  0]LogSlate: Could not find file for Slate resource: ../../../Engine/Plugins/Enterprise/DatasmithContent/Resources/Icons/DatasmithDeltaGenImporter40.png
[2019.10.11-08.47.37:509][  0]LogStreaming: Warning: Failed to read file '../../../Engine/Plugins/Enterprise/DatasmithContent/Resources/Icons/DatasmithDeltaGenImporter40.png' error.
[2019.10.11-08.47.37:509][  0]LogSlate: Could not find file for Slate resource: ../../../Engine/Plugins/Enterprise/DatasmithContent/Resources/Icons/DatasmithDeltaGenImporter40.png
[2019.10.11-08.47.37:509][  0]LogStreaming: Warning: Failed to read file '../../../Engine/Plugins/Enterprise/DatasmithContent/Resources/Icons/DatasmithDeltaGenImporter40.png' error.
[2019.10.11-08.47.37:509][  0]LogSlate: Could not find file for Slate resource: ../../../Engine/Plugins/Enterprise/DatasmithContent/Resources/Icons/DatasmithDeltaGenImporter40.png
[2019.10.11-08.47.37:509][  0]LogStreaming: Warning: Failed to read file '../../../Engine/Plugins/Enterprise/DatasmithContent/Resources/Icons/SaveScene.png' error.
[2019.10.11-08.47.37:509][  0]LogSlate: Could not find file for Slate resource: ../../../Engine/Plugins/Enterprise/DatasmithContent/Resources/Icons/SaveScene.png
[2019.10.11-08.47.37:509][  0]LogStreaming: Warning: Failed to read file '../../../Engine/Plugins/Enterprise/DatasmithContent/Resources/Icons/SaveScene.png' error.
[2019.10.11-08.47.37:509][  0]LogSlate: Could not find file for Slate resource: ../../../Engine/Plugins/Enterprise/DatasmithContent/Resources/Icons/SaveScene.png
[2019.10.11-08.47.37:509][  0]LogStreaming: Warning: Failed to read file '../../../Engine/Plugins/Enterprise/DatasmithContent/Resources/Icons/SaveScene.png' error.
[2019.10.11-08.47.37:509][  0]LogSlate: Could not find file for Slate resource: ../../../Engine/Plugins/Enterprise/DatasmithContent/Resources/Icons/SaveScene.png
[2019.10.11-08.47.37:509][  0]LogStreaming: Warning: Failed to read file '../../../Engine/Plugins/Enterprise/DatasmithContent/Resources/Icons/SaveScene.png' error.
[2019.10.11-08.47.37:509][  0]LogSlate: Could not find file for Slate resource: ../../../Engine/Plugins/Enterprise/DatasmithContent/Resources/Icons/SaveScene.png
[2019.10.11-08.47.37:510][  0]LogStreaming: Warning: Failed to read file '../../../Engine/Plugins/Enterprise/DatasmithContent/Resources/Icons/IconOptions.png' error.
[2019.10.11-08.47.37:510][  0]LogSlate: Could not find file for Slate resource: ../../../Engine/Plugins/Enterprise/DatasmithContent/Resources/Icons/IconOptions.png
[2019.10.11-08.47.37:510][  0]LogStreaming: Warning: Failed to read file '../../../Engine/Plugins/Enterprise/DatasmithContent/Resources/Icons/BuildWorld.png' error.
[2019.10.11-08.47.37:510][  0]LogSlate: Could not find file for Slate resource: ../../../Engine/Plugins/Enterprise/DatasmithContent/Resources/Icons/BuildWorld.png
[2019.10.11-08.47.37:510][  0]LogStreaming: Warning: Failed to read file '../../../Engine/Plugins/Enterprise/DatasmithContent/Resources/Icons/BuildWorld.png' error.
[2019.10.11-08.47.37:510][  0]LogSlate: Could not find file for Slate resource: ../../../Engine/Plugins/Enterprise/DatasmithContent/Resources/Icons/BuildWorld.png
[2019.10.11-08.47.37:510][  0]LogStreaming: Warning: Failed to read file '../../../Engine/Plugins/Enterprise/DatasmithContent/Resources/Icons/BuildWorld.png' error.
[2019.10.11-08.47.37:510][  0]LogSlate: Could not find file for Slate resource: ../../../Engine/Plugins/Enterprise/DatasmithContent/Resources/Icons/BuildWorld.png
[2019.10.11-08.47.37:510][  0]LogStreaming: Warning: Failed to read file '../../../Engine/Plugins/Enterprise/DatasmithContent/Resources/Icons/BuildWorld.png' error.
[2019.10.11-08.47.37:510][  0]LogSlate: Could not find file for Slate resource: ../../../Engine/Plugins/Enterprise/DatasmithContent/Resources/Icons/BuildWorld.png
[2019.10.11-08.47.37:510][  0]LogStreaming: Warning: Failed to read file '../../../Engine/Plugins/Enterprise/DatasmithContent/Resources/Icons/ExecutePipeline.png' error.
[2019.10.11-08.47.37:510][  0]LogSlate: Could not find file for Slate resource: ../../../Engine/Plugins/Enterprise/DatasmithContent/Resources/Icons/ExecutePipeline.png
[2019.10.11-08.47.37:510][  0]LogStreaming: Warning: Failed to read file '../../../Engine/Plugins/Enterprise/DatasmithContent/Resources/Icons/ExecutePipeline.png' error.
[2019.10.11-08.47.37:510][  0]LogSlate: Could not find file for Slate resource: ../../../Engine/Plugins/Enterprise/DatasmithContent/Resources/Icons/ExecutePipeline.png
[2019.10.11-08.47.37:510][  0]LogStreaming: Warning: Failed to read file '../../../Engine/Plugins/Enterprise/DatasmithContent/Resources/Icons/ExecutePipeline.png' error.
[2019.10.11-08.47.37:510][  0]LogSlate: Could not find file for Slate resource: ../../../Engine/Plugins/Enterprise/DatasmithContent/Resources/Icons/ExecutePipeline.png
[2019.10.11-08.47.37:510][  0]LogStreaming: Warning: Failed to read file '../../../Engine/Plugins/Enterprise/DatasmithContent/Resources/Icons/ExecutePipeline.png' error.
[2019.10.11-08.47.37:510][  0]LogSlate: Could not find file for Slate resource: ../../../Engine/Plugins/Enterprise/DatasmithContent/Resources/Icons/ExecutePipeline.png
[2019.10.11-08.47.37:510][  0]LogStreaming: Warning: Failed to read file '../../../Engine/Plugins/Enterprise/DatasmithContent/Resources/Icons/Jacketing.png' error.
[2019.10.11-08.47.37:510][  0]LogSlate: Could not find file for Slate resource: ../../../Engine/Plugins/Enterprise/DatasmithContent/Resources/Icons/Jacketing.png
[2019.10.11-08.47.37:510][  0]LogStreaming: Warning: Failed to read file '../../../Engine/Plugins/Enterprise/DatasmithContent/Resources/Icons/Jacketing.png' error.
[2019.10.11-08.47.37:510][  0]LogSlate: Could not find file for Slate resource: ../../../Engine/Plugins/Enterprise/DatasmithContent/Resources/Icons/Jacketing.png
[2019.10.11-08.47.37:510][  0]LogStreaming: Warning: Failed to read file '../../../Engine/Plugins/Enterprise/DatasmithContent/Resources/Icons/Jacketing.png' error.
[2019.10.11-08.47.37:510][  0]LogSlate: Could not find file for Slate resource: ../../../Engine/Plugins/Enterprise/DatasmithContent/Resources/Icons/Jacketing.png
[2019.10.11-08.47.37:510][  0]LogStreaming: Warning: Failed to read file '../../../Engine/Plugins/Enterprise/DatasmithContent/Resources/Icons/Jacketing.png' error.
[2019.10.11-08.47.37:510][  0]LogSlate: Could not find file for Slate resource: ../../../Engine/Plugins/Enterprise/DatasmithContent/Resources/Icons/Jacketing.png
[2019.10.11-08.47.37:557][  0]LogAndroidPermission: UAndroidPermissionCallbackProxy::GetInstance
[2019.10.11-08.47.37:703][  0]LogOcInput: OculusInput pre-init called
[2019.10.11-08.47.37:710][  0]LogWindows: Failed to load 'OVRPlugin.dll' (GetLastError=126)
[2019.10.11-08.47.37:710][  0]LogWindows: File 'OVRPlugin.dll' does not exist
[2019.10.11-08.47.37:721][  0]Angelscript: Angelscript debug server listening on 0.0.0.0:27099
[2019.10.11-08.47.37:790][  0]Angelscript: delegate declarations took 10.170 ms
[2019.10.11-08.47.37:960][  0]Angelscript: delegate bindings took 12.396 ms
[2019.10.11-08.47.38:302][  0]Angelscript: blueprinttype bindings took 272.161 ms
[2019.10.11-08.47.38:342][  0]Angelscript: == bindings total == took 620.649 ms
[2019.10.11-08.47.38:342][  0]Angelscript: load precompiled data took 0.041 ms
[2019.10.11-08.47.38:345][  0]Angelscript: preprocessing took 1.963 ms
[2019.10.11-08.47.38:362][  0]Angelscript: Error: Could not compile module WorldFiles.MMainPlayer: could not find module GameFiles.AMobiusGameMode to import.
[2019.10.11-08.47.38:362][  0]Angelscript: script compilation took 17.171 ms
[2019.10.11-08.47.38:362][  0]Angelscript: Error: Hot reload failed due to script compile errors. Keeping all old script code.
[2019.10.11-08.47.38:363][  0]Angelscript: scanning for changed files took 0.393 ms
[2019.10.11-08.47.38:405][  0]LogSlate: Took 0.000139 seconds to synchronously load lazily loaded font '../../../Engine/Content/Slate/Fonts/Roboto-Regular.ttf' (155K)
[2019.10.11-08.47.41:296][  0]LogSlate: Window 'Angelscript Compile Errors' being destroyed
[2019.10.11-08.47.41:297][  0]LogWindowsTextInputMethodSystem: Display: IME system now deactivated.
[2019.10.11-08.47.41:300][  0]LogWindowsTextInputMethodSystem: Display: IME system now deactivated.
[2019.10.11-08.47.41:300][  0]LogWindows: FPlatformMisc::RequestExit(0)
[2019.10.11-08.47.41:301][  0]LogExit: Preparing to exit.
[2019.10.11-08.47.41:436][  0]LogDemo: Cleaned up 0 splitscreen connections with owner deletion
[2019.10.11-08.47.41:560][  0]LogExit: Object subsystem successfully closed.
[2019.10.11-08.47.41:573][  0]LogShaderCompilers: Display: Shaders left to compile 0
[2019.10.11-08.47.41:580][  0]LogSlate: Slate User Destroyed.  User Index 0, Is Virtual User: 0
[2019.10.11-08.47.41:581][  0]LogExit: Preparing to exit.
[2019.10.11-08.47.41:600][  0]LogModuleManager: Shutting down and abandoning module AngelscriptLoader (420)
[2019.10.11-08.47.41:600][  0]LogModuleManager: Shutting down and abandoning module AngelscriptEditor (418)
[2019.10.11-08.47.41:600][  0]LogModuleManager: Shutting down and abandoning module AngelscriptCode (416)
[2019.10.11-08.47.41:600][  0]LogModuleManager: Shutting down and abandoning module ScreenshotTools (414)
[2019.10.11-08.47.41:600][  0]LogModuleManager: Shutting down and abandoning module SteamVRController (412)
[2019.10.11-08.47.41:600][  0]LogModuleManager: Shutting down and abandoning module ProceduralMeshComponentEditor (410)
[2019.10.11-08.47.41:600][  0]LogModuleManager: Shutting down and abandoning module ProceduralMeshComponent (408)
[2019.10.11-08.47.41:600][  0]LogModuleManager: Shutting down and abandoning module OculusEditor (406)
[2019.10.11-08.47.41:600][  0]LogModuleManager: Shutting down and abandoning module OculusInput (404)
[2019.10.11-08.47.41:600][  0]LogModuleManager: Shutting down and abandoning module MobilePatchingUtils (402)
[2019.10.11-08.47.41:600][  0]LogModuleManager: Shutting down and abandoning module EditableMesh (400)
[2019.10.11-08.47.41:600][  0]LogModuleManager: Shutting down and abandoning module CustomMeshComponent (398)
[2019.10.11-08.47.41:600][  0]LogModuleManager: Shutting down and abandoning module CableComponent (396)
[2019.10.11-08.47.41:600][  0]LogModuleManager: Shutting down and abandoning module AudioCapture (394)
[2019.10.11-08.47.41:600][  0]LogModuleManager: Shutting down and abandoning module ArchVisCharacter (392)
[2019.10.11-08.47.41:600][  0]LogModuleManager: Shutting down and abandoning module AppleImageUtilsBlueprintSupport (390)
[2019.10.11-08.47.41:600][  0]LogModuleManager: Shutting down and abandoning module AppleImageUtils (388)
[2019.10.11-08.47.41:600][  0]LogModuleManager: Shutting down and abandoning module AndroidPermission (386)
[2019.10.11-08.47.41:600][  0]LogModuleManager: Shutting down and abandoning module NUTUnrealEngine4 (384)
[2019.10.11-08.47.41:600][  0]LogModuleManager: Shutting down and abandoning module NetcodeUnitTest (382)
[2019.10.11-08.47.41:600][  0]LogModuleManager: Shutting down and abandoning module MediaCompositing (380)
[2019.10.11-08.47.41:600][  0]LogModuleManager: Shutting down and abandoning module ImgMedia (378)
[2019.10.11-08.47.41:600][  0]LogModuleManager: Shutting down and abandoning module MagicLeapHelperVulkan (376)
[2019.10.11-08.47.41:600][  0]LogModuleManager: Shutting down and abandoning module MagicLeapHelperOpenGL (374)
[2019.10.11-08.47.41:600][  0]LogModuleManager: Shutting down and abandoning module MagicLeapAudio (372)
[2019.10.11-08.47.41:600][  0]LogModuleManager: Shutting down and abandoning module HTML5Networking (370)
[2019.10.11-08.47.41:601][  0]LogModuleManager: Shutting down and abandoning module GeometryCacheTracks (368)
[2019.10.11-08.47.41:601][  0]LogModuleManager: Shutting down and abandoning module GeometryCacheSequencer (366)
[2019.10.11-08.47.41:601][  0]LogModuleManager: Shutting down and abandoning module BackChannel (364)
[2019.10.11-08.47.41:601][  0]LogModuleManager: Shutting down and abandoning module AutomationUtilsEditor (362)
[2019.10.11-08.47.41:601][  0]LogModuleManager: Shutting down and abandoning module AutomationUtils (360)
[2019.10.11-08.47.41:601][  0]LogModuleManager: Shutting down and abandoning module AlembicImporter (358)
[2019.10.11-08.47.41:601][  0]LogModuleManager: Shutting down and abandoning module AlembicLibrary (357)
[2019.10.11-08.47.41:601][  0]LogModuleManager: Shutting down and abandoning module GeometryCache (356)
[2019.10.11-08.47.41:601][  0]LogModuleManager: Shutting down and abandoning module GeometryCacheEd (355)
[2019.10.11-08.47.41:601][  0]LogModuleManager: Shutting down and abandoning module VariantManagerContent (350)
[2019.10.11-08.47.41:601][  0]LogModuleManager: Shutting down and abandoning module DatasmithContentEditor (348)
[2019.10.11-08.47.41:601][  0]LogModuleManager: Shutting down and abandoning module SpeedTreeImporter (346)
[2019.10.11-08.47.41:601][  0]LogModuleManager: Shutting down and abandoning module PluginBrowser (344)
[2019.10.11-08.47.41:601][  0]LogModuleManager: Shutting down and abandoning module MobileLauncherProfileWizard (342)
[2019.10.11-08.47.41:601][  0]LogModuleManager: Shutting down and abandoning module MaterialAnalyzer (340)
[2019.10.11-08.47.41:601][  0]LogModuleManager: Shutting down and abandoning module CurveEditorTools (338)
[2019.10.11-08.47.41:601][  0]LogModuleManager: Shutting down and abandoning module CurveEditor (337)
[2019.10.11-08.47.41:601][  0]LogModuleManager: Shutting down and abandoning module CryptoKeysOpenSSL (334)
[2019.10.11-08.47.41:601][  0]LogModuleManager: Shutting down and abandoning module CryptoKeys (332)
[2019.10.11-08.47.41:601][  0]LogModuleManager: Shutting down and abandoning module VisualStudioSourceCodeAccess (330)
[2019.10.11-08.47.41:601][  0]LogModuleManager: Shutting down and abandoning module VisualStudioCodeSourceCodeAccess (328)
[2019.10.11-08.47.41:601][  0]LogModuleManager: Shutting down and abandoning module UObjectPlugin (326)
[2019.10.11-08.47.41:601][  0]LogModuleManager: Shutting down and abandoning module SubversionSourceControl (324)
[2019.10.11-08.47.41:601][  0]LogModuleManager: Shutting down and abandoning module PerforceSourceControl (322)
[2019.10.11-08.47.41:601][  0]LogModuleManager: Shutting down and abandoning module GitSourceControl (320)
[2019.10.11-08.47.41:601][  0]LogModuleManager: Shutting down and abandoning module SourceControl (319)
[2019.10.11-08.47.41:601][  0]LogModuleManager: Shutting down and abandoning module CLionSourceCodeAccess (316)
[2019.10.11-08.47.41:601][  0]LogModuleManager: Shutting down and abandoning module AnimationSharingEd (314)
[2019.10.11-08.47.41:601][  0]LogModuleManager: Shutting down and abandoning module ActorLayerUtilitiesEditor (312)
[2019.10.11-08.47.41:601][  0]LogModuleManager: Shutting down and abandoning module ActorLayerUtilities (310)
[2019.10.11-08.47.41:601][  0]LogModuleManager: Shutting down and abandoning module LightPropagationVolumeEditor (308)
[2019.10.11-08.47.41:601][  0]LogModuleManager: Shutting down and abandoning module PaperTiledImporter (306)
[2019.10.11-08.47.41:601][  0]LogModuleManager: Shutting down and abandoning module PaperSpriteSheetImporter (304)
[2019.10.11-08.47.41:601][  0]LogModuleManager: Shutting down and abandoning module Paper2DEditor (302)
[2019.10.11-08.47.41:601][  0]LogModuleManager: Shutting down and abandoning module SignificanceManager (300)
[2019.10.11-08.47.41:601][  0]LogModuleManager: Shutting down and abandoning module RuntimePhysXCooking (298)
[2019.10.11-08.47.41:601][  0]LogModuleManager: Shutting down and abandoning module PhysXVehiclesEditor (296)
[2019.10.11-08.47.41:601][  0]LogModuleManager: Shutting down and abandoning module LocationServicesBPLibrary (292)
[2019.10.11-08.47.41:601][  0]LogModuleManager: Shutting down and abandoning module ActorSequence (290)
[2019.10.11-08.47.41:601][  0]LogModuleManager: Shutting down and abandoning module UdpMessaging (288)
[2019.10.11-08.47.41:702][  0]LogModuleManager: Shutting down and abandoning module TcpMessaging (286)
[2019.10.11-08.47.42:420][  0]Angelscript: Received angelscript debug connection from 127.0.0.1:53294
[2019.10.11-08.47.42:420][  0]LogModuleManager: Shutting down and abandoning module MagicLeapIdentity (284)
[2019.10.11-08.47.42:420][  0]LogModuleManager: Shutting down and abandoning module MagicLeapSecureStorage (282)
[2019.10.11-08.47.42:420][  0]LogModuleManager: Shutting down and abandoning module MagicLeapHandTracking (280)
[2019.10.11-08.47.42:420][  0]LogModuleManager: Shutting down and abandoning module MagicLeapEyeTracker (278)
[2019.10.11-08.47.42:420][  0]LogModuleManager: Shutting down and abandoning module MagicLeapController (276)
[2019.10.11-08.47.42:420][  0]LogModuleManager: Shutting down and abandoning module MagicLeapAR (274)
[2019.10.11-08.47.42:420][  0]LogModuleManager: Shutting down and abandoning module AugmentedReality (273)
[2019.10.11-08.47.42:420][  0]LogModuleManager: Shutting down and abandoning module GameplayTagsEditor (270)
[2019.10.11-08.47.42:420][  0]LogModuleManager: Shutting down and abandoning module FacialAnimationEditor (268)
[2019.10.11-08.47.42:420][  0]LogModuleManager: Shutting down and abandoning module FacialAnimation (266)
[2019.10.11-08.47.42:420][  0]LogModuleManager: Shutting down and abandoning module DataValidation (264)
[2019.10.11-08.47.42:420][  0]LogModuleManager: Shutting down and abandoning module AssetManagerEditor (262)
[2019.10.11-08.47.42:421][  0]LogModuleManager: Shutting down and abandoning module LevelEditor (261)
[2019.10.11-08.47.42:421][  0]LogModuleManager: Shutting down and abandoning module PixelInspectorModule (260)
[2019.10.11-08.47.42:421][  0]LogModuleManager: Shutting down and abandoning module CommonMenuExtensions (258)
[2019.10.11-08.47.42:421][  0]LogModuleManager: Shutting down and abandoning module MainFrame (256)
[2019.10.11-08.47.42:421][  0]LogModuleManager: Shutting down and abandoning module HotReload (255)
[2019.10.11-08.47.42:421][  0]LogModuleManager: Shutting down and abandoning module ContentBrowser (251)
[2019.10.11-08.47.42:422][  0]LogModuleManager: Shutting down and abandoning module TreeMap (249)
[2019.10.11-08.47.42:422][  0]LogModuleManager: Shutting down and abandoning module AnimationSharing (246)
[2019.10.11-08.47.42:422][  0]LogModuleManager: Shutting down and abandoning module LightPropagationVolumeRuntime (244)
[2019.10.11-08.47.42:422][  0]LogModuleManager: Shutting down and abandoning module Paper2D (242)
[2019.10.11-08.47.42:422][  0]LogModuleManager: Shutting down and abandoning module WindowsMoviePlayer (240)
[2019.10.11-08.47.42:422][  0]LogModuleManager: Shutting down and abandoning module WebMMoviePlayer (238)
[2019.10.11-08.47.42:422][  0]LogModuleManager: Shutting down and abandoning module NetworkReplayStreaming (236)
[2019.10.11-08.47.42:422][  0]LogModuleManager: Shutting down and abandoning module PacketHandler (234)
[2019.10.11-08.47.42:422][  0]LogModuleManager: Shutting down and abandoning module ClothingSystemEditor (232)
[2019.10.11-08.47.42:422][  0]LogModuleManager: Shutting down and abandoning module ClothingSystemRuntime (230)
[2019.10.11-08.47.42:422][  0]LogModuleManager: Shutting down and abandoning module MediaAssets (228)
[2019.10.11-08.47.42:422][  0]LogModuleManager: Shutting down and abandoning module Overlay (226)
[2019.10.11-08.47.42:422][  0]LogModuleManager: Shutting down and abandoning module OverlayEditor (225)
[2019.10.11-08.47.42:422][  0]LogModuleManager: Shutting down and abandoning module VREditor (222)
[2019.10.11-08.47.42:422][  0]LogModuleManager: Shutting down and abandoning module StringTableEditor (220)
[2019.10.11-08.47.42:422][  0]LogModuleManager: Shutting down and abandoning module GameplayTasksEditor (218)
[2019.10.11-08.47.42:422][  0]LogModuleManager: Shutting down and abandoning module BehaviorTreeEditor (216)
[2019.10.11-08.47.42:422][  0]LogModuleManager: Shutting down and abandoning module FunctionalTesting (214)
[2019.10.11-08.47.42:422][  0]LogModuleManager: Shutting down and abandoning module CollisionAnalyzer (212)
[2019.10.11-08.47.42:422][  0]LogModuleManager: Shutting down and abandoning module WorkspaceMenuStructure (211)
[2019.10.11-08.47.42:422][  0]LogModuleManager: Shutting down and abandoning module UMG (208)
[2019.10.11-08.47.42:422][  0]LogModuleManager: Shutting down and abandoning module UMGEditor (207)
[2019.10.11-08.47.42:422][  0]LogModuleManager: Shutting down and abandoning module Sequencer (206)
[2019.10.11-08.47.42:422][  0]LogModuleManager: Shutting down and abandoning module MessageLog (203)
[2019.10.11-08.47.42:422][  0]LogModuleManager: Shutting down and abandoning module SlateReflector (198)
[2019.10.11-08.47.42:423][  0]LogModuleManager: Shutting down and abandoning module Slate (196)
[2019.10.11-08.47.42:423][  0]LogModuleManager: Shutting down and abandoning module LandscapeEditorUtilities (194)
[2019.10.11-08.47.42:423][  0]LogModuleManager: Shutting down and abandoning module EditorStyle (192)
[2019.10.11-08.47.42:423][  0]LogModuleManager: Shutting down and abandoning module UnrealEd (190)
[2019.10.11-08.47.42:423][  0]LogModuleManager: Shutting down and abandoning module MRMesh (188)
[2019.10.11-08.47.42:424][  0]LogModuleManager: Shutting down and abandoning module SourceCodeAccess (186)
[2019.10.11-08.47.42:424][  0]LogModuleManager: Shutting down and abandoning module HeadMountedDisplay (184)
[2019.10.11-08.47.42:424][  0]LogModuleManager: Shutting down and abandoning module XAudio2 (182)
[2019.10.11-08.47.42:424][  0]LogModuleManager: Shutting down and abandoning module Networking (180)
[2019.10.11-08.47.42:424][  0]LogModuleManager: Shutting down and abandoning module Core (178)
[2019.10.11-08.47.42:424][  0]LogModuleManager: Shutting down and abandoning module KismetCompiler (176)
[2019.10.11-08.47.42:424][  0]LogModuleManager: Shutting down and abandoning module MeshUtilities (174)
[2019.10.11-08.47.42:424][  0]LogModuleManager: Shutting down and abandoning module MeshMergeUtilities (173)
[2019.10.11-08.47.42:424][  0]LogModuleManager: Shutting down and abandoning module MeshReductionInterface (172)
[2019.10.11-08.47.42:424][  0]LogModuleManager: Shutting down and abandoning module SkeletalMeshReduction (171)
[2019.10.11-08.47.42:424][  0]LogModuleManager: Shutting down and abandoning module ProxyLODMeshReduction (169)
[2019.10.11-08.47.42:424][  0]LogModuleManager: Shutting down and abandoning module QuadricMeshReduction (167)
[2019.10.11-08.47.42:424][  0]LogModuleManager: Shutting down and abandoning module MaterialBaking (163)
[2019.10.11-08.47.42:424][  0]LogModuleManager: Shutting down and abandoning module NullInstallBundleManager (158)
[2019.10.11-08.47.42:424][  0]LogModuleManager: Shutting down and abandoning module DerivedDataCache (156)
[2019.10.11-08.47.42:588][  0]LogDerivedDataCache: Shutdown
[2019.10.11-08.47.42:589][  0]LogModuleManager: Shutting down and abandoning module XGEController (154)
[2019.10.11-08.47.42:589][  0]LogXGEController: Cleaning working directory: C:/Users/john.walden/AppData/Local/Temp/UnrealXGEWorkingDir/
[2019.10.11-08.47.42:589][  0]LogModuleManager: Shutting down and abandoning module TargetPlatform (152)
[2019.10.11-08.47.42:589][  0]LogModuleManager: Shutting down and abandoning module VulkanShaderFormat (151)
[2019.10.11-08.47.42:589][  0]LogModuleManager: Shutting down and abandoning module ShaderFormatVectorVM (149)
[2019.10.11-08.47.42:589][  0]LogModuleManager: Shutting down and abandoning module ShaderFormatOpenGL (147)
[2019.10.11-08.47.42:589][  0]LogModuleManager: Shutting down and abandoning module ShaderFormatD3D (145)
[2019.10.11-08.47.42:589][  0]LogModuleManager: Shutting down and abandoning module MetalShaderFormat (143)
[2019.10.11-08.47.42:589][  0]LogModuleManager: Shutting down and abandoning module TextureFormatUncompressed (141)
[2019.10.11-08.47.42:589][  0]LogModuleManager: Shutting down and abandoning module TextureFormatPVR (139)
[2019.10.11-08.47.42:589][  0]LogModuleManager: Shutting down and abandoning module TextureFormatDXT (137)
[2019.10.11-08.47.42:589][  0]LogModuleManager: Shutting down and abandoning module TextureFormatIntelISPCTexComp (135)
[2019.10.11-08.47.42:590][  0]LogModuleManager: Shutting down and abandoning module TextureFormatASTC (133)
[2019.10.11-08.47.42:590][  0]LogModuleManager: Shutting down and abandoning module ImageWrapper (132)
[2019.10.11-08.47.42:590][  0]LogModuleManager: Shutting down and abandoning module TextureFormatAndroid (129)
[2019.10.11-08.47.42:590][  0]LogModuleManager: Shutting down and abandoning module AudioFormatOpus (127)
[2019.10.11-08.47.42:590][  0]LogModuleManager: Shutting down and abandoning module AudioFormatOgg (125)
[2019.10.11-08.47.42:590][  0]LogModuleManager: Shutting down and abandoning module AudioFormatADPCM (123)
[2019.10.11-08.47.42:590][  0]LogModuleManager: Shutting down and abandoning module LuminTargetPlatform (121)
[2019.10.11-08.47.42:591][  0]LogModuleManager: Shutting down and abandoning module TVOSTargetPlatform (119)
[2019.10.11-08.47.42:593][  0]LogModuleManager: Shutting down and abandoning module Messaging (117)
[2019.10.11-08.47.42:593][  0]LogModuleManager: Shutting down and abandoning module IOSTargetPlatform (115)
[2019.10.11-08.47.42:594][  0]LogModuleManager: Shutting down and abandoning module HTML5TargetPlatform (113)
[2019.10.11-08.47.42:594][  0]LogModuleManager: Shutting down and abandoning module AndroidTargetPlatform (111)
[2019.10.11-08.47.42:605][  0]LogModuleManager: Shutting down and abandoning module WindowsTargetPlatform (109)
[2019.10.11-08.47.42:605][  0]LogModuleManager: Shutting down and abandoning module WindowsServerTargetPlatform (107)
[2019.10.11-08.47.42:605][  0]LogModuleManager: Shutting down and abandoning module WindowsNoEditorTargetPlatform (105)
[2019.10.11-08.47.42:605][  0]LogModuleManager: Shutting down and abandoning module WindowsClientTargetPlatform (103)
[2019.10.11-08.47.42:605][  0]LogModuleManager: Shutting down and abandoning module MacTargetPlatform (101)
[2019.10.11-08.47.42:605][  0]LogModuleManager: Shutting down and abandoning module MacServerTargetPlatform (99)
[2019.10.11-08.47.42:605][  0]LogModuleManager: Shutting down and abandoning module MacNoEditorTargetPlatform (97)
[2019.10.11-08.47.42:605][  0]LogModuleManager: Shutting down and abandoning module MacClientTargetPlatform (95)
[2019.10.11-08.47.42:605][  0]LogModuleManager: Shutting down and abandoning module AllDesktopTargetPlatform (93)
[2019.10.11-08.47.42:605][  0]LogModuleManager: Shutting down and abandoning module InputCore (90)
[2019.10.11-08.47.42:605][  0]LogModuleManager: Shutting down and abandoning module Settings (88)
[2019.10.11-08.47.42:605][  0]LogModuleManager: Shutting down and abandoning module DirectoryWatcher (86)
[2019.10.11-08.47.42:606][  0]LogModuleManager: Shutting down and abandoning module PhysXCooking (84)
[2019.10.11-08.47.42:606][  0]LogModuleManager: Shutting down and abandoning module WindowsPlatformFeatures (82)
[2019.10.11-08.47.42:606][  0]LogModuleManager: Shutting down and abandoning module GameplayMediaEncoder (81)
[2019.10.11-08.47.42:606][  0]LogModuleManager: Shutting down and abandoning module SteamVR (78)
[2019.10.11-08.47.42:606][  0]LogHMD: Freeing OpenVRDLLHandle.
[2019.10.11-08.47.42:606][  0]LogModuleManager: Shutting down and abandoning module OculusHMD (76)
[2019.10.11-08.47.42:606][  0]LogModuleManager: Shutting down and abandoning module ExampleDeviceProfileSelector (74)
[2019.10.11-08.47.42:606][  0]LogModuleManager: Shutting down and abandoning module LauncherChunkInstaller (72)
[2019.10.11-08.47.42:606][  0]LogModuleManager: Shutting down and abandoning module OnlineBlueprintSupport (70)
[2019.10.11-08.47.42:606][  0]LogModuleManager: Shutting down and abandoning module OnlineSubsystem (66)
[2019.10.11-08.47.42:607][  0]LogModuleManager: Shutting down and abandoning module XMPP (61)
[2019.10.11-08.47.42:607][  0]LogModuleManager: Shutting down and abandoning module WebSockets (60)
[2019.10.11-08.47.42:623][  0]LogModuleManager: Shutting down and abandoning module HTTP (57)
[2019.10.11-08.47.42:629][  0]LogModuleManager: Shutting down and abandoning module SSL (56)
[2019.10.11-08.47.42:630][  0]LogModuleManager: Shutting down and abandoning module WmfMedia (52)
[2019.10.11-08.47.42:633][  0]LogModuleManager: Shutting down and abandoning module Media (51)
[2019.10.11-08.47.42:634][  0]LogModuleManager: Shutting down and abandoning module MagicLeap (48)
[2019.10.11-08.47.42:634][  0]LogModuleManager: Shutting down and abandoning module DatasmithContent (46)
[2019.10.11-08.47.42:634][  0]LogModuleManager: Shutting down and abandoning module AISupportModule (44)
[2019.10.11-08.47.42:634][  0]LogModuleManager: Shutting down and abandoning module PlatformCryptoOpenSSL (42)
[2019.10.11-08.47.42:634][  0]LogModuleManager: Shutting down and abandoning module PlatformCrypto (40)
[2019.10.11-08.47.42:634][  0]LogModuleManager: Shutting down and abandoning module AnimationModifiers (38)
[2019.10.11-08.47.42:634][  0]LogModuleManager: Shutting down and abandoning module PropertyEditor (37)
[2019.10.11-08.47.42:634][  0]LogModuleManager: Shutting down and abandoning module AudioEditor (34)
[2019.10.11-08.47.42:634][  0]LogModuleManager: Shutting down and abandoning module TextureCompressor (32)
[2019.10.11-08.47.42:635][  0]LogModuleManager: Shutting down and abandoning module RenderCore (30)
[2019.10.11-08.47.42:635][  0]LogModuleManager: Shutting down and abandoning module Landscape (28)
[2019.10.11-08.47.42:635][  0]LogModuleManager: Shutting down and abandoning module SlateRHIRenderer (26)
[2019.10.11-08.47.42:635][  0]LogModuleManager: Shutting down and abandoning module OpenGLDrv (24)
[2019.10.11-08.47.42:635][  0]LogModuleManager: Shutting down and abandoning module D3D11RHI (22)
[2019.10.11-08.47.42:635][  0]LogModuleManager: Shutting down and abandoning module AnimGraphRuntime (20)
[2019.10.11-08.47.42:635][  0]LogModuleManager: Shutting down and abandoning module Renderer (18)
[2019.10.11-08.47.42:635][  0]LogModuleManager: Shutting down and abandoning module Engine (16)
[2019.10.11-08.47.42:635][  0]LogModuleManager: Shutting down and abandoning module CoreUObject (14)
[2019.10.11-08.47.42:635][  0]LogModuleManager: Shutting down and abandoning module NetworkFile (12)
[2019.10.11-08.47.42:635][  0]LogModuleManager: Shutting down and abandoning module CookedIterativeFile (10)
[2019.10.11-08.47.42:635][  0]LogModuleManager: Shutting down and abandoning module StreamingFile (8)
[2019.10.11-08.47.42:635][  0]LogModuleManager: Shutting down and abandoning module SandboxFile (6)
[2019.10.11-08.47.42:635][  0]LogModuleManager: Shutting down and abandoning module PakFile (4)
[2019.10.11-08.47.42:635][  0]LogModuleManager: Shutting down and abandoning module RSA (3)
[2019.10.11-08.47.42:635][  0]LogD3D11RHI: Shutdown
[2019.10.11-08.47.42:635][  0]LogD3D11RHI: CleanupD3DDevice
[2019.10.11-08.47.42:636][  0]LogRendererCore: FGlobalDynamicReadBuffer::Cleanup()
[2019.10.11-08.47.42:636][  0]LogRendererCore: FGlobalDynamicReadBuffer::Cleanup()
[2019.10.11-08.47.42:636][  0]LogRendererCore: FGlobalDynamicReadBuffer::Cleanup()
[2019.10.11-08.47.42:709][  0]LogD3D11RHI: ~FD3D11DynamicRHI
[2019.10.11-08.47.42:714][  0]LogExit: Exiting.
[2019.10.11-08.47.42:760][  0]Log file closed, 10/11/19 10:47:42
